Using pre-set license
Built from '2022.3/staging' branch; Version is '2022.3.14f1 (eff2de9070d8) revision 15725278'; Using compiler version '192829333'; Build Type 'Release'
OS: 'Windows 11  (10.0.22621) 64bit Professional' Language: 'ko' Physical Memory: 65323 MB
BatchMode: 1, IsHumanControllingUs: 0, StartBugReporterOnCrash: 0, Is64bit: 1, IsPro: 1

COMMAND LINE ARGUMENTS:
C:\Program Files\Unity\Hub\Editor\2022.3.14f1\Editor\Unity.exe
-adb2
-batchMode
-noUpm
-name
AssetImportWorker1
-projectPath
C:/Users/MinKim/Desktop/varjo/24/24vrst/data_collection
-logFile
Logs/AssetImportWorker1.log
-srvPort
51255
Successfully changed project path to: C:/Users/MinKim/Desktop/varjo/24/24vrst/data_collection
C:/Users/MinKim/Desktop/varjo/24/24vrst/data_collection
[UnityMemory] Configuration Parameters - Can be set up in boot.config
    "memorysetup-bucket-allocator-granularity=16"
    "memorysetup-bucket-allocator-bucket-count=8"
    "memorysetup-bucket-allocator-block-size=33554432"
    "memorysetup-bucket-allocator-block-count=8"
    "memorysetup-main-allocator-block-size=16777216"
    "memorysetup-thread-allocator-block-size=16777216"
    "memorysetup-gfx-main-allocator-block-size=16777216"
    "memorysetup-gfx-thread-allocator-block-size=16777216"
    "memorysetup-cache-allocator-block-size=4194304"
    "memorysetup-typetree-allocator-block-size=2097152"
    "memorysetup-profiler-bucket-allocator-granularity=16"
    "memorysetup-profiler-bucket-allocator-bucket-count=8"
    "memorysetup-profiler-bucket-allocator-block-size=33554432"
    "memorysetup-profiler-bucket-allocator-block-count=8"
    "memorysetup-profiler-allocator-block-size=16777216"
    "memorysetup-profiler-editor-allocator-block-size=1048576"
    "memorysetup-temp-allocator-size-main=16777216"
    "memorysetup-job-temp-allocator-block-size=2097152"
    "memorysetup-job-temp-allocator-block-size-background=1048576"
    "memorysetup-job-temp-allocator-reduction-small-platforms=262144"
    "memorysetup-allocator-temp-initial-block-size-main=262144"
    "memorysetup-allocator-temp-initial-block-size-worker=262144"
    "memorysetup-temp-allocator-size-background-worker=32768"
    "memorysetup-temp-allocator-size-job-worker=262144"
    "memorysetup-temp-allocator-size-preload-manager=33554432"
    "memorysetup-temp-allocator-size-nav-mesh-worker=65536"
    "memorysetup-temp-allocator-size-audio-worker=65536"
    "memorysetup-temp-allocator-size-cloud-worker=32768"
    "memorysetup-temp-allocator-size-gi-baking-worker=262144"
    "memorysetup-temp-allocator-size-gfx=262144"
Player connection [40588] Host "[IP] 143.248.6.91 [Port] 0 [Flags] 2 [Guid] 620662919 [EditorId] 620662919 [Version] 1048832 [Id] WindowsEditor(7,DESKTOP-O8QBO0M) [Debug] 1 [PackageName] WindowsEditor [ProjectName] Editor" joined multi-casting on [225.0.0.222:54997]...

Player connection [40588] Host "[IP] 143.248.6.91 [Port] 0 [Flags] 2 [Guid] 620662919 [EditorId] 620662919 [Version] 1048832 [Id] WindowsEditor(7,DESKTOP-O8QBO0M) [Debug] 1 [PackageName] WindowsEditor [ProjectName] Editor" joined alternative multi-casting on [225.0.0.222:34997]...

[Physics::Module] Initialized MultithreadedJobDispatcher with 31 workers.
Refreshing native plugins compatible for Editor in 6.61 ms, found 9 plugins.
Preloading 0 native plugins for Editor in 0.00 ms.
Initialize engine version: 2022.3.14f1 (eff2de9070d8)
[Subsystems] Discovering subsystems at path C:/Program Files/Unity/Hub/Editor/2022.3.14f1/Editor/Data/Resources/UnitySubsystems
[Subsystems] Discovering subsystems at path C:/Users/MinKim/Desktop/varjo/24/24vrst/data_collection/Assets
GfxDevice: creating device client; threaded=0; jobified=0
Direct3D:
    Version:  Direct3D 11.0 [level 11.1]
    Renderer: NVIDIA GeForce RTX 4070 Ti (ID=0x2782)
    Vendor:   NVIDIA
    VRAM:     12010 MB
Initialize mono
Mono path[0] = 'C:/Program Files/Unity/Hub/Editor/2022.3.14f1/Editor/Data/Managed'
Mono path[1] = 'C:/Program Files/Unity/Hub/Editor/2022.3.14f1/Editor/Data/MonoBleedingEdge/lib/mono/unityjit-win32'
Mono config path = 'C:/Program Files/Unity/Hub/Editor/2022.3.14f1/Editor/Data/MonoBleedingEdge/etc'
Using monoOptions --debugger-agent=transport=dt_socket,embedding=1,server=y,suspend=n,address=127.0.0.1:56484
Begin MonoManager ReloadAssembly
Registering precompiled unity dll's ...
Register platform support module: C:/Program Files/Unity/Hub/Editor/2022.3.14f1/Editor/Data/PlaybackEngines/WebGLSupport/UnityEditor.WebGL.Extensions.dll
Register platform support module: C:/Program Files/Unity/Hub/Editor/2022.3.14f1/Editor/Data/PlaybackEngines/AndroidPlayer/UnityEditor.Android.Extensions.dll
Register platform support module: C:/Program Files/Unity/Hub/Editor/2022.3.14f1/Editor/Data/PlaybackEngines/WindowsStandaloneSupport/UnityEditor.WindowsStandalone.Extensions.dll
Register platform support module: C:/Program Files/Unity/Hub/Editor/2022.3.14f1/Editor/Data/PlaybackEngines/MetroSupport/UnityEditor.UWP.Extensions.dll
Registered in 0.007385 seconds.
- Loaded All Assemblies, in  0.212 seconds
Native extension for UWP target not found
Native extension for WindowsStandalone target not found
Native extension for Android target not found
Android Extension - Scanning For ADB Devices 241 ms
Native extension for WebGL target not found
Mono: successfully reloaded assembly
- Finished resetting the current domain, in  0.422 seconds
Domain Reload Profiling: 634ms
	BeginReloadAssembly (64ms)
		ExecutionOrderSort (0ms)
		DisableScriptedObjects (0ms)
		BackupInstance (0ms)
		ReleaseScriptingObjects (0ms)
		CreateAndSetChildDomain (1ms)
	RebuildCommonClasses (19ms)
	RebuildNativeTypeToScriptingClass (6ms)
	initialDomainReloadingComplete (37ms)
	LoadAllAssembliesAndSetupDomain (85ms)
		LoadAssemblies (63ms)
		RebuildTransferFunctionScriptingTraits (0ms)
		AnalyzeDomain (83ms)
			TypeCache.Refresh (82ms)
				TypeCache.ScanAssembly (74ms)
			ScanForSourceGeneratedMonoScriptInfo (0ms)
			ResolveRequiredComponents (0ms)
	FinalizeReload (423ms)
		ReleaseScriptCaches (0ms)
		RebuildScriptCaches (0ms)
		SetupLoadedEditorAssemblies (390ms)
			LogAssemblyErrors (0ms)
			InitializePlatformSupportModulesInManaged (305ms)
			SetLoadedEditorAssemblies (2ms)
			RefreshPlugins (0ms)
			BeforeProcessingInitializeOnLoad (1ms)
			ProcessInitializeOnLoadAttributes (54ms)
			ProcessInitializeOnLoadMethodAttributes (27ms)
			AfterProcessingInitializeOnLoad (0ms)
			EditorAssembliesLoaded (0ms)
		ExecutionOrderSort2 (0ms)
		AwakeInstancesAfterBackupRestoration (0ms)
========================================================================
Worker process is ready to serve import requests
Begin MonoManager ReloadAssembly
- Loaded All Assemblies, in  0.417 seconds
Refreshing native plugins compatible for Editor in 2.80 ms, found 9 plugins.
Native extension for UWP target not found
Native extension for WindowsStandalone target not found
Native extension for Android target not found
Native extension for WebGL target not found
Package Manager log level set to [2]
[Package Manager] Server::EnsureServerProcessIsRunning -- launch failed, reason: Unity was launched with the -noUpm command-line argument
[Package Manager] UpmClient::Send -- Unable to send message (not connected to UPM process).
[Package Manager] Cannot connect to Unity Package Manager local server
[Package Manager] Server::EnsureServerProcessIsRunning -- launch failed, reason: Unity was launched with the -noUpm command-line argument
[Package Manager] UpmClient::Send -- Unable to send message (not connected to UPM process).
[Package Manager] Cannot connect to Unity Package Manager local server
Mono: successfully reloaded assembly
[Package Manager] Server::EnsureServerProcessIsRunning -- launch failed, reason: Unity was launched with the -noUpm command-line argument
[Package Manager] UpmClient::Send -- Unable to send message (not connected to UPM process).
[Package Manager] Cannot connect to Unity Package Manager local server
[Package Manager] Server::EnsureServerProcessIsRunning -- launch failed, reason: Unity was launched with the -noUpm command-line argument
[Package Manager] UpmClient::Send -- Unable to send message (not connected to UPM process).
[Package Manager] Cannot connect to Unity Package Manager local server
- Finished resetting the current domain, in  0.381 seconds
Domain Reload Profiling: 795ms
	BeginReloadAssembly (87ms)
		ExecutionOrderSort (0ms)
		DisableScriptedObjects (5ms)
		BackupInstance (0ms)
		ReleaseScriptingObjects (0ms)
		CreateAndSetChildDomain (12ms)
	RebuildCommonClasses (19ms)
	RebuildNativeTypeToScriptingClass (6ms)
	initialDomainReloadingComplete (25ms)
	LoadAllAssembliesAndSetupDomain (277ms)
		LoadAssemblies (201ms)
		RebuildTransferFunctionScriptingTraits (0ms)
		AnalyzeDomain (126ms)
			TypeCache.Refresh (107ms)
				TypeCache.ScanAssembly (95ms)
			ScanForSourceGeneratedMonoScriptInfo (14ms)
			ResolveRequiredComponents (4ms)
	FinalizeReload (381ms)
		ReleaseScriptCaches (0ms)
		RebuildScriptCaches (0ms)
		SetupLoadedEditorAssemblies (286ms)
			LogAssemblyErrors (0ms)
			InitializePlatformSupportModulesInManaged (15ms)
			SetLoadedEditorAssemblies (3ms)
			RefreshPlugins (0ms)
			BeforeProcessingInitializeOnLoad (46ms)
			ProcessInitializeOnLoadAttributes (205ms)
			ProcessInitializeOnLoadMethodAttributes (13ms)
			AfterProcessingInitializeOnLoad (3ms)
			EditorAssembliesLoaded (0ms)
		ExecutionOrderSort2 (0ms)
		AwakeInstancesAfterBackupRestoration (3ms)
Launched and connected shader compiler UnityShaderCompiler.exe after 0.02 seconds
Refreshing native plugins compatible for Editor in 3.35 ms, found 9 plugins.
Preloading 0 native plugins for Editor in 0.00 ms.
Unloading 4561 Unused Serialized files (Serialized files now loaded: 0)
Unloading 62 unused Assets / (1.4 MB). Loaded Objects now: 5013.
Memory consumption went from 167.4 MB to 166.0 MB.
Total: 2.889800 ms (FindLiveObjects: 0.236800 ms CreateObjectMapping: 0.098100 ms MarkObjects: 2.156900 ms  DeleteObjects: 0.397500 ms)

AssetImportParameters requested are different than current active one (requested -> active):
  custom:container-demuxer-ogg: 62fdf1f143b41e24485cea50d1cbac27 -> 
  custom:video-codec-MediaFoundation-h265: 746d11721c4dcdbdad8f713fa42b33f4 -> 
  custom:video-decoder-ogg-theora: a1e56fd34408186e4bbccfd4996cb3dc -> 
  custom:framework-win-MediaFoundation: 216162199b28c13a410421893ffa2e32 -> 
  custom:container-demuxer-webm: 4f35f7cbe854078d1ac9338744f61a02 -> 
  custom:container-muxer-webm: aa71ff27fc2769a1b78a27578f13a17b -> 
  custom:video-decoder-webm-vp8: 9c59270c3fd7afecdb556c50c9e8de78 -> 
  custom:AudioImporter_EditorPlatform: d09bf68614088b80899f8185d706f6e7 -> 
  custom:video-encoder-webm-vp8: eb34c28f22e8b96e1ab97ce403110664 -> 
  custom:audio-decoder-ogg-vorbis: bf7c407c2cedff20999df2af8eb42d56 -> 
  custom:audio-encoder-webm-vorbis: bf7c407c2cedff20999df2af8eb42d56 -> 
========================================================================
Received Prepare
Refreshing native plugins compatible for Editor in 5.15 ms, found 9 plugins.
Preloading 0 native plugins for Editor in 0.00 ms.
Unloading 8 Unused Serialized files (Serialized files now loaded: 0)
Unloading 8 unused Assets / (1.3 MB). Loaded Objects now: 5013.
Memory consumption went from 92.6 MB to 91.2 MB.
Total: 2.573500 ms (FindLiveObjects: 0.186500 ms CreateObjectMapping: 0.060900 ms MarkObjects: 1.906500 ms  DeleteObjects: 0.418500 ms)

Prepare: number of updated asset objects reloaded= 0
AssetImportParameters requested are different than current active one (requested -> active):
  custom:container-demuxer-ogg: 62fdf1f143b41e24485cea50d1cbac27 -> 
  custom:video-codec-MediaFoundation-h265: 746d11721c4dcdbdad8f713fa42b33f4 -> 
  custom:video-decoder-ogg-theora: a1e56fd34408186e4bbccfd4996cb3dc -> 
  custom:framework-win-MediaFoundation: 216162199b28c13a410421893ffa2e32 -> 
  custom:CustomObjectIndexerAttribute: 756ad292c208cfabdd7b50bc23989ffe -> 
  custom:container-demuxer-webm: 4f35f7cbe854078d1ac9338744f61a02 -> 
  custom:container-muxer-webm: aa71ff27fc2769a1b78a27578f13a17b -> 
  custom:video-decoder-webm-vp8: 9c59270c3fd7afecdb556c50c9e8de78 -> 
  custom:SearchIndexIgnoredProperties: e643bd26f0fe6173181afceb89e7c659 -> 
  custom:AudioImporter_EditorPlatform: d09bf68614088b80899f8185d706f6e7 -> 
  custom:video-encoder-webm-vp8: eb34c28f22e8b96e1ab97ce403110664 -> 
  custom:audio-decoder-ogg-vorbis: bf7c407c2cedff20999df2af8eb42d56 -> 
  custom:audio-encoder-webm-vorbis: bf7c407c2cedff20999df2af8eb42d56 -> 
========================================================================
Received Import Request.
  Time since last request: 4721628.144860 seconds.
  path: Assets/Assest store/QA_Books/Prefabs/Book_02.prefab
  artifactKey: Guid(7eeab333ed7416f498139b2846cbb10d) Importer(815301076,1909f56bfc062723c751e8b465ee728b)
Start importing Assets/Assest store/QA_Books/Prefabs/Book_02.prefab using Guid(7eeab333ed7416f498139b2846cbb10d) Importer(815301076,1909f56bfc062723c751e8b465ee728b)  -> (artifact id: 'df414f83eeb4fcace6d4e44a2cf2eecd') in 0.515430 seconds
Number of updated asset objects reloaded before import = 0
Number of asset objects unloaded after import = 12
========================================================================
Received Import Request.
  Time since last request: 0.000015 seconds.
  path: Assets/Assest store/QA_Books/Prefabs/Book_22.prefab
  artifactKey: Guid(a0364dc92de710744b46e7c19fca3d7b) Importer(815301076,1909f56bfc062723c751e8b465ee728b)
Start importing Assets/Assest store/QA_Books/Prefabs/Book_22.prefab using Guid(a0364dc92de710744b46e7c19fca3d7b) Importer(815301076,1909f56bfc062723c751e8b465ee728b)  -> (artifact id: '09feac1a4490fed805ec7299fee9c6d8') in 0.022238 seconds
Number of updated asset objects reloaded before import = 0
Number of asset objects unloaded after import = 12
========================================================================
Received Import Request.
  Time since last request: 0.000015 seconds.
  path: Assets/Assest store/QA_Books/Prefabs/Book_11.prefab
  artifactKey: Guid(c33441093f64d17408edb5fff22c8b3d) Importer(815301076,1909f56bfc062723c751e8b465ee728b)
Start importing Assets/Assest store/QA_Books/Prefabs/Book_11.prefab using Guid(c33441093f64d17408edb5fff22c8b3d) Importer(815301076,1909f56bfc062723c751e8b465ee728b)  -> (artifact id: 'a7e6add65eb6967d21622aefb43ccb40') in 0.023543 seconds
Number of updated asset objects reloaded before import = 0
Number of asset objects unloaded after import = 12
========================================================================
Received Import Request.
  Time since last request: 0.000017 seconds.
  path: Assets/Assest store/QA_Books/Prefabs/Book_08.prefab
  artifactKey: Guid(10f98680396ab2044bd7bf1218606516) Importer(815301076,1909f56bfc062723c751e8b465ee728b)
Start importing Assets/Assest store/QA_Books/Prefabs/Book_08.prefab using Guid(10f98680396ab2044bd7bf1218606516) Importer(815301076,1909f56bfc062723c751e8b465ee728b)  -> (artifact id: 'd455b9b7123ba38076d62a90b461d631') in 0.022708 seconds
Number of updated asset objects reloaded before import = 0
Number of asset objects unloaded after import = 12
========================================================================
Received Import Request.
  Time since last request: 0.000046 seconds.
  path: Assets/Assest store/QA_Books/Prefabs/Book_10.prefab
  artifactKey: Guid(1a462e7be4e492c42a318ecaa51de6e9) Importer(815301076,1909f56bfc062723c751e8b465ee728b)
Start importing Assets/Assest store/QA_Books/Prefabs/Book_10.prefab using Guid(1a462e7be4e492c42a318ecaa51de6e9) Importer(815301076,1909f56bfc062723c751e8b465ee728b)  -> (artifact id: 'b39a2da3685102d38d78a7182f03bf48') in 0.024743 seconds
Number of updated asset objects reloaded before import = 0
Number of asset objects unloaded after import = 12
========================================================================
Received Import Request.
  Time since last request: 0.000011 seconds.
  path: Assets/Assest store/QA_Books/Prefabs/Book_04.prefab
  artifactKey: Guid(273dfcdaa60d0b540b1012e22b97d74f) Importer(815301076,1909f56bfc062723c751e8b465ee728b)
Start importing Assets/Assest store/QA_Books/Prefabs/Book_04.prefab using Guid(273dfcdaa60d0b540b1012e22b97d74f) Importer(815301076,1909f56bfc062723c751e8b465ee728b)  -> (artifact id: '83614b89f616681c1711224d4a56a0a1') in 0.023689 seconds
Number of updated asset objects reloaded before import = 0
Number of asset objects unloaded after import = 12
========================================================================
Received Import Request.
  Time since last request: 0.000009 seconds.
  path: Assets/Assest store/QA_Books/Prefabs/Book_14.prefab
  artifactKey: Guid(f09e10b910ed4794cb1663d92c5ef4fb) Importer(815301076,1909f56bfc062723c751e8b465ee728b)
Start importing Assets/Assest store/QA_Books/Prefabs/Book_14.prefab using Guid(f09e10b910ed4794cb1663d92c5ef4fb) Importer(815301076,1909f56bfc062723c751e8b465ee728b)  -> (artifact id: 'd957c018403307d0a578237506c78f5d') in 0.023875 seconds
Number of updated asset objects reloaded before import = 0
Number of asset objects unloaded after import = 12
========================================================================
Received Import Request.
  Time since last request: 0.000010 seconds.
  path: Assets/Assest store/QA_Books/Prefabs/Book_21.prefab
  artifactKey: Guid(eb229865cb9c5ff4ba795c601340c1d7) Importer(815301076,1909f56bfc062723c751e8b465ee728b)
Start importing Assets/Assest store/QA_Books/Prefabs/Book_21.prefab using Guid(eb229865cb9c5ff4ba795c601340c1d7) Importer(815301076,1909f56bfc062723c751e8b465ee728b)  -> (artifact id: 'b499714f01f1e5c9f7bc891a0c224c36') in 0.024281 seconds
Number of updated asset objects reloaded before import = 0
Number of asset objects unloaded after import = 12
========================================================================
Received Import Request.
  Time since last request: 0.000013 seconds.
  path: Assets/Assest store/QA_Books/Prefabs/Book_09.prefab
  artifactKey: Guid(a33884f9b265434498736dbc4c5bcf03) Importer(815301076,1909f56bfc062723c751e8b465ee728b)
Start importing Assets/Assest store/QA_Books/Prefabs/Book_09.prefab using Guid(a33884f9b265434498736dbc4c5bcf03) Importer(815301076,1909f56bfc062723c751e8b465ee728b)  -> (artifact id: '54c4847535c95221a2f95b910fb6c2ad') in 0.024724 seconds
Number of updated asset objects reloaded before import = 0
Number of asset objects unloaded after import = 12
========================================================================
Received Import Request.
  Time since last request: 0.000011 seconds.
  path: Assets/Assest store/QA_Books/Prefabs/Book_06.prefab
  artifactKey: Guid(4242ccbec40f0ed448d91b2eb3cfba80) Importer(815301076,1909f56bfc062723c751e8b465ee728b)
Start importing Assets/Assest store/QA_Books/Prefabs/Book_06.prefab using Guid(4242ccbec40f0ed448d91b2eb3cfba80) Importer(815301076,1909f56bfc062723c751e8b465ee728b)  -> (artifact id: '89db52f30082a5994ddb34372da4e200') in 0.022276 seconds
Number of updated asset objects reloaded before import = 0
Number of asset objects unloaded after import = 12
========================================================================
Received Import Request.
  Time since last request: 0.000009 seconds.
  path: Assets/Assest store/QA_Books/Prefabs/Book_20.prefab
  artifactKey: Guid(2ae90898f05ba93459b427408c855a63) Importer(815301076,1909f56bfc062723c751e8b465ee728b)
Start importing Assets/Assest store/QA_Books/Prefabs/Book_20.prefab using Guid(2ae90898f05ba93459b427408c855a63) Importer(815301076,1909f56bfc062723c751e8b465ee728b)  -> (artifact id: '4b93f248e1e773a262fd6da809989bf1') in 0.015752 seconds
Number of updated asset objects reloaded before import = 0
Number of asset objects unloaded after import = 12
========================================================================
Received Import Request.
  Time since last request: 0.000011 seconds.
  path: Assets/Assest store/QA_Books/Prefabs/Book_23.prefab
  artifactKey: Guid(a143fa61fa75c1948b865ebba53b13cd) Importer(815301076,1909f56bfc062723c751e8b465ee728b)
Start importing Assets/Assest store/QA_Books/Prefabs/Book_23.prefab using Guid(a143fa61fa75c1948b865ebba53b13cd) Importer(815301076,1909f56bfc062723c751e8b465ee728b)  -> (artifact id: '0e968b14b942440a9c1dd68fd7e4fde6') in 0.015604 seconds
Number of updated asset objects reloaded before import = 0
Number of asset objects unloaded after import = 12
========================================================================
Received Import Request.
  Time since last request: 0.000020 seconds.
  path: Assets/Assest store/QA_Books/Prefabs/Book_12.prefab
  artifactKey: Guid(c04c60cb87ebdc8458571b190fb2255d) Importer(815301076,1909f56bfc062723c751e8b465ee728b)
Start importing Assets/Assest store/QA_Books/Prefabs/Book_12.prefab using Guid(c04c60cb87ebdc8458571b190fb2255d) Importer(815301076,1909f56bfc062723c751e8b465ee728b)  -> (artifact id: '257d1e27b77fdcac3e17d139672c23f1') in 0.013598 seconds
Number of updated asset objects reloaded before import = 0
Number of asset objects unloaded after import = 12
========================================================================
Received Import Request.
  Time since last request: 2.662625 seconds.
  path: Assets/Assest store/QA_Books/Prefabs/Book_28.prefab
  artifactKey: Guid(0d1433aefa5efa844aa58b37661b0dcf) Importer(815301076,1909f56bfc062723c751e8b465ee728b)
Start importing Assets/Assest store/QA_Books/Prefabs/Book_28.prefab using Guid(0d1433aefa5efa844aa58b37661b0dcf) Importer(815301076,1909f56bfc062723c751e8b465ee728b)  -> (artifact id: 'd7c9a054834ce840c3c8b16fb90d4fdc') in 0.017079 seconds
Number of updated asset objects reloaded before import = 0
Number of asset objects unloaded after import = 12
========================================================================
Received Import Request.
  Time since last request: 0.000017 seconds.
  path: Assets/Assest store/QA_Books/Prefabs/Book_29.prefab
  artifactKey: Guid(e67c8e956fbecc349b4e8470d5ae65c6) Importer(815301076,1909f56bfc062723c751e8b465ee728b)
Start importing Assets/Assest store/QA_Books/Prefabs/Book_29.prefab using Guid(e67c8e956fbecc349b4e8470d5ae65c6) Importer(815301076,1909f56bfc062723c751e8b465ee728b)  -> (artifact id: 'af3175b39545e6d5210d6fb8434a8cd1') in 0.016520 seconds
Number of updated asset objects reloaded before import = 0
Number of asset objects unloaded after import = 12
========================================================================
Received Import Request.
  Time since last request: 0.000013 seconds.
  path: Assets/Assest store/QA_Books/Prefabs/Book_31.prefab
  artifactKey: Guid(fe4952f534eafe545b99e96cd29db9b3) Importer(815301076,1909f56bfc062723c751e8b465ee728b)
Start importing Assets/Assest store/QA_Books/Prefabs/Book_31.prefab using Guid(fe4952f534eafe545b99e96cd29db9b3) Importer(815301076,1909f56bfc062723c751e8b465ee728b)  -> (artifact id: '81849a6d3a34957fddeb14eeed77a059') in 0.014059 seconds
Number of updated asset objects reloaded before import = 0
Number of asset objects unloaded after import = 12
========================================================================
Received Import Request.
  Time since last request: 2.421765 seconds.
  path: Assets/Assest store/QA_Books/Prefabs/Book_33.prefab
  artifactKey: Guid(f0fbe3a45c915cd479daa188875b76e9) Importer(815301076,1909f56bfc062723c751e8b465ee728b)
Start importing Assets/Assest store/QA_Books/Prefabs/Book_33.prefab using Guid(f0fbe3a45c915cd479daa188875b76e9) Importer(815301076,1909f56bfc062723c751e8b465ee728b)  -> (artifact id: '69a0c278725c3fb5e8e7caaf3a46772b') in 0.018705 seconds
Number of updated asset objects reloaded before import = 0
Number of asset objects unloaded after import = 12
========================================================================
Received Import Request.
  Time since last request: 0.000018 seconds.
  path: Assets/Assest store/QA_Books/Prefabs/Book_36.prefab
  artifactKey: Guid(f903dd03da67547439b997774d31c9c0) Importer(815301076,1909f56bfc062723c751e8b465ee728b)
Start importing Assets/Assest store/QA_Books/Prefabs/Book_36.prefab using Guid(f903dd03da67547439b997774d31c9c0) Importer(815301076,1909f56bfc062723c751e8b465ee728b)  -> (artifact id: '7d90c7fcbe416e8052ef3806f5648da6') in 0.018120 seconds
Number of updated asset objects reloaded before import = 0
Number of asset objects unloaded after import = 12
========================================================================
Received Import Request.
  Time since last request: 0.000011 seconds.
  path: Assets/Assest store/QA_Books/Prefabs/Book_37.prefab
  artifactKey: Guid(f863c0c796c652c4fa6b28893cd313ee) Importer(815301076,1909f56bfc062723c751e8b465ee728b)
Start importing Assets/Assest store/QA_Books/Prefabs/Book_37.prefab using Guid(f863c0c796c652c4fa6b28893cd313ee) Importer(815301076,1909f56bfc062723c751e8b465ee728b)  -> (artifact id: 'f8b8a8ed212ca49df5899aee7a93623d') in 0.016830 seconds
Number of updated asset objects reloaded before import = 0
Number of asset objects unloaded after import = 12
========================================================================
Received Import Request.
  Time since last request: 0.462643 seconds.
  path: Assets/Assest store/QA_Books/Prefabs/Book_39.prefab
  artifactKey: Guid(4a00219ec3deacf4689500595661ac7a) Importer(815301076,1909f56bfc062723c751e8b465ee728b)
Start importing Assets/Assest store/QA_Books/Prefabs/Book_39.prefab using Guid(4a00219ec3deacf4689500595661ac7a) Importer(815301076,1909f56bfc062723c751e8b465ee728b)  -> (artifact id: '528cf92936fbd5984bddac1229a3accd') in 0.019518 seconds
Number of updated asset objects reloaded before import = 0
Number of asset objects unloaded after import = 12
========================================================================
Received Import Request.
  Time since last request: 0.000021 seconds.
  path: Assets/Assest store/QA_Books/Prefabs/Book_41.prefab
  artifactKey: Guid(5cc3acbf92ca1414f9e5202c88903015) Importer(815301076,1909f56bfc062723c751e8b465ee728b)
Start importing Assets/Assest store/QA_Books/Prefabs/Book_41.prefab using Guid(5cc3acbf92ca1414f9e5202c88903015) Importer(815301076,1909f56bfc062723c751e8b465ee728b)  -> (artifact id: 'a56d2967c16613c01f749777bf32ec1d') in 0.022655 seconds
Number of updated asset objects reloaded before import = 0
Number of asset objects unloaded after import = 12
========================================================================
Received Import Request.
  Time since last request: 0.000025 seconds.
  path: Assets/Assest store/QA_Books/Prefabs/Book_42.prefab
  artifactKey: Guid(813e9023ddcc5404c907e6d25b69f28c) Importer(815301076,1909f56bfc062723c751e8b465ee728b)
Start importing Assets/Assest store/QA_Books/Prefabs/Book_42.prefab using Guid(813e9023ddcc5404c907e6d25b69f28c) Importer(815301076,1909f56bfc062723c751e8b465ee728b)  -> (artifact id: '2a58441726a8ab97a88b0c64e3e97718') in 0.019849 seconds
Number of updated asset objects reloaded before import = 0
Number of asset objects unloaded after import = 12
========================================================================
Received Import Request.
  Time since last request: 0.539624 seconds.
  path: Assets/Assest store/QA_Books/Prefabs/Book_45.prefab
  artifactKey: Guid(e73134f143ea4dd42b33fac3c77cd425) Importer(815301076,1909f56bfc062723c751e8b465ee728b)
Start importing Assets/Assest store/QA_Books/Prefabs/Book_45.prefab using Guid(e73134f143ea4dd42b33fac3c77cd425) Importer(815301076,1909f56bfc062723c751e8b465ee728b)  -> (artifact id: '61cda281d2c369b887a7fd5e513c4f37') in 0.025428 seconds
Number of updated asset objects reloaded before import = 0
Number of asset objects unloaded after import = 12
========================================================================
Received Import Request.
  Time since last request: 0.000020 seconds.
  path: Assets/Assest store/QA_Books/Prefabs/Book_47.prefab
  artifactKey: Guid(6cd39d8a547cc11408d7c675612d6767) Importer(815301076,1909f56bfc062723c751e8b465ee728b)
Start importing Assets/Assest store/QA_Books/Prefabs/Book_47.prefab using Guid(6cd39d8a547cc11408d7c675612d6767) Importer(815301076,1909f56bfc062723c751e8b465ee728b)  -> (artifact id: 'b46f705d7ff785f77dc90242bcd368be') in 0.023161 seconds
Number of updated asset objects reloaded before import = 0
Number of asset objects unloaded after import = 12
========================================================================
Received Import Request.
  Time since last request: 0.000018 seconds.
  path: Assets/Assest store/QA_Books/Prefabs/Book_49.prefab
  artifactKey: Guid(5d4db5d6c438345449a490b952d41908) Importer(815301076,1909f56bfc062723c751e8b465ee728b)
Start importing Assets/Assest store/QA_Books/Prefabs/Book_49.prefab using Guid(5d4db5d6c438345449a490b952d41908) Importer(815301076,1909f56bfc062723c751e8b465ee728b)  -> (artifact id: 'cfa40caf38fbb0c2b1c1cc17b4da6862') in 0.025346 seconds
Number of updated asset objects reloaded before import = 0
Number of asset objects unloaded after import = 12
========================================================================
Received Import Request.
  Time since last request: 0.026625 seconds.
  path: Assets/Assest store/QA_Books/Prefabs/Book_51.prefab
  artifactKey: Guid(ef961ef73dbbcc948b123a983b8e1aae) Importer(815301076,1909f56bfc062723c751e8b465ee728b)
Start importing Assets/Assest store/QA_Books/Prefabs/Book_51.prefab using Guid(ef961ef73dbbcc948b123a983b8e1aae) Importer(815301076,1909f56bfc062723c751e8b465ee728b)  -> (artifact id: '12c699ffe378da7bcf36715a3e4d4ed3') in 0.022384 seconds
Number of updated asset objects reloaded before import = 0
Number of asset objects unloaded after import = 12
========================================================================
Received Import Request.
  Time since last request: 0.000015 seconds.
  path: Assets/Assest store/QA_Books/Prefabs/Book_53.prefab
  artifactKey: Guid(254a6646a889c714bb948279451aaf33) Importer(815301076,1909f56bfc062723c751e8b465ee728b)
Start importing Assets/Assest store/QA_Books/Prefabs/Book_53.prefab using Guid(254a6646a889c714bb948279451aaf33) Importer(815301076,1909f56bfc062723c751e8b465ee728b)  -> (artifact id: '94d6d7bf274b3fd2f76c529663514092') in 0.022366 seconds
Number of updated asset objects reloaded before import = 0
Number of asset objects unloaded after import = 12
========================================================================
Received Import Request.
  Time since last request: 0.000013 seconds.
  path: Assets/Assest store/QA_Books/Prefabs/Book_55.prefab
  artifactKey: Guid(e36ef7331c23e234398a1ec25f0ef901) Importer(815301076,1909f56bfc062723c751e8b465ee728b)
Start importing Assets/Assest store/QA_Books/Prefabs/Book_55.prefab using Guid(e36ef7331c23e234398a1ec25f0ef901) Importer(815301076,1909f56bfc062723c751e8b465ee728b)  -> (artifact id: '91bb559cd5416f24564d33478094e731') in 0.026690 seconds
Number of updated asset objects reloaded before import = 0
Number of asset objects unloaded after import = 12
========================================================================
Received Import Request.
  Time since last request: 0.735772 seconds.
  path: Assets/Assest store/QA_Books/Prefabs/Book_57.prefab
  artifactKey: Guid(c9af877c9e2ef964baffd5ad3713c982) Importer(815301076,1909f56bfc062723c751e8b465ee728b)
Start importing Assets/Assest store/QA_Books/Prefabs/Book_57.prefab using Guid(c9af877c9e2ef964baffd5ad3713c982) Importer(815301076,1909f56bfc062723c751e8b465ee728b)  -> (artifact id: 'd02f846c2f5f67cf95ee5870b30034fe') in 0.025915 seconds
Number of updated asset objects reloaded before import = 0
Number of asset objects unloaded after import = 12
========================================================================
Received Import Request.
  Time since last request: 0.000014 seconds.
  path: Assets/Assest store/QA_Books/Prefabs/Book_58.prefab
  artifactKey: Guid(17935c810bab2cf459f498defd29f2b3) Importer(815301076,1909f56bfc062723c751e8b465ee728b)
Start importing Assets/Assest store/QA_Books/Prefabs/Book_58.prefab using Guid(17935c810bab2cf459f498defd29f2b3) Importer(815301076,1909f56bfc062723c751e8b465ee728b)  -> (artifact id: 'da86f7a406d8c339bfdc53fc59188b53') in 0.024387 seconds
Number of updated asset objects reloaded before import = 0
Number of asset objects unloaded after import = 12
========================================================================
Received Import Request.
  Time since last request: 0.000015 seconds.
  path: Assets/Assest store/QA_Books/Prefabs/Book_61.prefab
  artifactKey: Guid(f304955bdd4a7354ea8ab44b24698473) Importer(815301076,1909f56bfc062723c751e8b465ee728b)
Start importing Assets/Assest store/QA_Books/Prefabs/Book_61.prefab using Guid(f304955bdd4a7354ea8ab44b24698473) Importer(815301076,1909f56bfc062723c751e8b465ee728b)  -> (artifact id: '238288c91524dcad421daa1dcfd3b073') in 0.015285 seconds
Number of updated asset objects reloaded before import = 0
Number of asset objects unloaded after import = 12
========================================================================
Received Import Request.
  Time since last request: 0.034258 seconds.
  path: Assets/Assest store/QA_Books/Prefabs/Book_63.prefab
  artifactKey: Guid(4f1d91d1d99f71c4381dbf3b14201a2a) Importer(815301076,1909f56bfc062723c751e8b465ee728b)
Start importing Assets/Assest store/QA_Books/Prefabs/Book_63.prefab using Guid(4f1d91d1d99f71c4381dbf3b14201a2a) Importer(815301076,1909f56bfc062723c751e8b465ee728b)  -> (artifact id: '840549900c4506a25d7ffb01021d4904') in 0.017178 seconds
Number of updated asset objects reloaded before import = 0
Number of asset objects unloaded after import = 12
========================================================================
Received Import Request.
  Time since last request: 0.000016 seconds.
  path: Assets/Assest store/QA_Books/Prefabs/Book_65.prefab
  artifactKey: Guid(fca7ec2f1db4f5c4db10cdbdcda46f0a) Importer(815301076,1909f56bfc062723c751e8b465ee728b)
Start importing Assets/Assest store/QA_Books/Prefabs/Book_65.prefab using Guid(fca7ec2f1db4f5c4db10cdbdcda46f0a) Importer(815301076,1909f56bfc062723c751e8b465ee728b)  -> (artifact id: '17cdf0fee42d7c9b979aa0d9eeab17b1') in 0.015189 seconds
Number of updated asset objects reloaded before import = 0
Number of asset objects unloaded after import = 12
========================================================================
Received Import Request.
  Time since last request: 0.000009 seconds.
  path: Assets/Assest store/QA_Books/Prefabs/Book_66.prefab
  artifactKey: Guid(5b4d8e485560e0e4d8a64438e42258dd) Importer(815301076,1909f56bfc062723c751e8b465ee728b)
Start importing Assets/Assest store/QA_Books/Prefabs/Book_66.prefab using Guid(5b4d8e485560e0e4d8a64438e42258dd) Importer(815301076,1909f56bfc062723c751e8b465ee728b)  -> (artifact id: '81f6624c03e4485f0579272733077dfb') in 0.015626 seconds
Number of updated asset objects reloaded before import = 0
Number of asset objects unloaded after import = 12
========================================================================
Received Import Request.
  Time since last request: 0.292736 seconds.
  path: Assets/Assest store/QA_Books/Prefabs/BookOpen_02.prefab
  artifactKey: Guid(8938ad57525142549a65f9a4b0768bed) Importer(815301076,1909f56bfc062723c751e8b465ee728b)
Start importing Assets/Assest store/QA_Books/Prefabs/BookOpen_02.prefab using Guid(8938ad57525142549a65f9a4b0768bed) Importer(815301076,1909f56bfc062723c751e8b465ee728b)  -> (artifact id: '288811dda12f1daa0d13e0df54674af7') in 0.029450 seconds
Number of updated asset objects reloaded before import = 0
Number of asset objects unloaded after import = 16
========================================================================
Received Import Request.
  Time since last request: 0.000010 seconds.
  path: Assets/Assest store/QA_Books/Prefabs/BookOpen_04.prefab
  artifactKey: Guid(96b58236b5b44c848975ddea646f8ead) Importer(815301076,1909f56bfc062723c751e8b465ee728b)
Start importing Assets/Assest store/QA_Books/Prefabs/BookOpen_04.prefab using Guid(96b58236b5b44c848975ddea646f8ead) Importer(815301076,1909f56bfc062723c751e8b465ee728b)  -> (artifact id: 'dd29b49fea728058c924f6a1ea9ec5eb') in 0.015597 seconds
Number of updated asset objects reloaded before import = 0
Number of asset objects unloaded after import = 12
========================================================================
Received Import Request.
  Time since last request: 0.000017 seconds.
  path: Assets/Assest store/QA_Books/Prefabs/BookOpen_03.prefab
  artifactKey: Guid(f3e273b40aec9094ba1905b2361ac36d) Importer(815301076,1909f56bfc062723c751e8b465ee728b)
Start importing Assets/Assest store/QA_Books/Prefabs/BookOpen_03.prefab using Guid(f3e273b40aec9094ba1905b2361ac36d) Importer(815301076,1909f56bfc062723c751e8b465ee728b)  -> (artifact id: '9c4893d7dfb9c507b63ff3bbe9bdcd05') in 0.021090 seconds
Number of updated asset objects reloaded before import = 0
Number of asset objects unloaded after import = 16
========================================================================
Received Import Request.
  Time since last request: 0.301187 seconds.
  path: Assets/Assest store/QA_Books/Prefabs/BookS_04.prefab
  artifactKey: Guid(8987f42b5e586b54dafc61270de5d973) Importer(815301076,1909f56bfc062723c751e8b465ee728b)
Start importing Assets/Assest store/QA_Books/Prefabs/BookS_04.prefab using Guid(8987f42b5e586b54dafc61270de5d973) Importer(815301076,1909f56bfc062723c751e8b465ee728b)  -> (artifact id: 'c7a9ee4d6b5cd27680e4bccc11ee4af8') in 0.018969 seconds
Number of updated asset objects reloaded before import = 0
Number of asset objects unloaded after import = 12
========================================================================
Received Import Request.
  Time since last request: 0.000011 seconds.
  path: Assets/Assest store/QA_Books/Prefabs/Books_07.prefab
  artifactKey: Guid(6aa1e5cf2e7a0bb479f8fb1d820b3cf3) Importer(815301076,1909f56bfc062723c751e8b465ee728b)
Start importing Assets/Assest store/QA_Books/Prefabs/Books_07.prefab using Guid(6aa1e5cf2e7a0bb479f8fb1d820b3cf3) Importer(815301076,1909f56bfc062723c751e8b465ee728b)  -> (artifact id: '3c52c3bfb540c797a41b8991782cfd38') in 0.016318 seconds
Number of updated asset objects reloaded before import = 0
Number of asset objects unloaded after import = 12
========================================================================
Received Import Request.
  Time since last request: 0.000017 seconds.
  path: Assets/Assest store/QA_Books/Prefabs/Books_06.prefab
  artifactKey: Guid(6bdd18994543e264491fb71fed626cae) Importer(815301076,1909f56bfc062723c751e8b465ee728b)
Start importing Assets/Assest store/QA_Books/Prefabs/Books_06.prefab using Guid(6bdd18994543e264491fb71fed626cae) Importer(815301076,1909f56bfc062723c751e8b465ee728b)  -> (artifact id: 'b528e8dd11b51085feb217469b72f467') in 0.020430 seconds
Number of updated asset objects reloaded before import = 0
Number of asset objects unloaded after import = 12
========================================================================
Received Import Request.
  Time since last request: 57.103201 seconds.
  path: Assets/Assest store/QA_Books/Prefabs/Books_12.prefab
  artifactKey: Guid(0d7a21e247bd95b4bb0f03721763fab3) Importer(815301076,1909f56bfc062723c751e8b465ee728b)
Start importing Assets/Assest store/QA_Books/Prefabs/Books_12.prefab using Guid(0d7a21e247bd95b4bb0f03721763fab3) Importer(815301076,1909f56bfc062723c751e8b465ee728b)  -> (artifact id: '1cf67985d2ae5ce09752375ad8da9bb6') in 0.026502 seconds
Number of updated asset objects reloaded before import = 0
Number of asset objects unloaded after import = 12
========================================================================
Received Import Request.
  Time since last request: 0.000018 seconds.
  path: Assets/Assest store/QA_Books/Prefabs/Books_27.prefab
  artifactKey: Guid(9ae4e56d111938948b75f4dd9802a5c9) Importer(815301076,1909f56bfc062723c751e8b465ee728b)
Start importing Assets/Assest store/QA_Books/Prefabs/Books_27.prefab using Guid(9ae4e56d111938948b75f4dd9802a5c9) Importer(815301076,1909f56bfc062723c751e8b465ee728b)  -> (artifact id: '7f0101605ea5c8d252e5409114349399') in 0.040310 seconds
Number of updated asset objects reloaded before import = 0
Number of asset objects unloaded after import = 16
========================================================================
Received Import Request.
  Time since last request: 0.000013 seconds.
  path: Assets/Assest store/QA_Books/Prefabs/Books_22.prefab
  artifactKey: Guid(ff68249fca5833f45a54d25567ceb8bb) Importer(815301076,1909f56bfc062723c751e8b465ee728b)
Start importing Assets/Assest store/QA_Books/Prefabs/Books_22.prefab using Guid(ff68249fca5833f45a54d25567ceb8bb) Importer(815301076,1909f56bfc062723c751e8b465ee728b)  -> (artifact id: '699ed4cbb16e00502021c27e22187e9c') in 0.036726 seconds
Number of updated asset objects reloaded before import = 0
Number of asset objects unloaded after import = 12
========================================================================
Received Import Request.
  Time since last request: 0.000029 seconds.
  path: Assets/Assest store/QA_Books/Prefabs/Books_34.prefab
  artifactKey: Guid(b45c49e8876b9fa438e5fc7173a07d60) Importer(815301076,1909f56bfc062723c751e8b465ee728b)
Start importing Assets/Assest store/QA_Books/Prefabs/Books_34.prefab using Guid(b45c49e8876b9fa438e5fc7173a07d60) Importer(815301076,1909f56bfc062723c751e8b465ee728b)  -> (artifact id: '1e4c18f8a6d59ae6cd6b875d4c2a3190') in 0.054535 seconds
Number of updated asset objects reloaded before import = 0
Number of asset objects unloaded after import = 16
========================================================================
Received Import Request.
  Time since last request: 0.000012 seconds.
  path: Assets/Assest store/QA_Books/Prefabs/Books_24.prefab
  artifactKey: Guid(0d27b0cb015a3264794d1df7b99e3411) Importer(815301076,1909f56bfc062723c751e8b465ee728b)
Start importing Assets/Assest store/QA_Books/Prefabs/Books_24.prefab using Guid(0d27b0cb015a3264794d1df7b99e3411) Importer(815301076,1909f56bfc062723c751e8b465ee728b)  -> (artifact id: '07d85e4d88959e4b3779b282bba39e1f') in 0.041068 seconds
Number of updated asset objects reloaded before import = 0
Number of asset objects unloaded after import = 12
========================================================================
Received Import Request.
  Time since last request: 0.000018 seconds.
  path: Assets/Assest store/QA_Books/Prefabs/Books_28.prefab
  artifactKey: Guid(f792aff41dd4e894bbae030cb69a63b7) Importer(815301076,1909f56bfc062723c751e8b465ee728b)
Start importing Assets/Assest store/QA_Books/Prefabs/Books_28.prefab using Guid(f792aff41dd4e894bbae030cb69a63b7) Importer(815301076,1909f56bfc062723c751e8b465ee728b)  -> (artifact id: '711c86ec0d22ddff61004f99163cd2c8') in 0.039110 seconds
Number of updated asset objects reloaded before import = 0
Number of asset objects unloaded after import = 16
Editor requested this worker to shutdown with reason: Scaling down because of idle timeout
TcpMessagingSession - receive error: operation aborted. errorcode: 995, details: 스레드 종료 또는 응용 프로그램 요청 때문에 I/O 작업이 취소되었습니다.
AssetImportWorker is now disconnected from the server
Process exiting
Exiting without the bug reporter. Application will terminate with return code 0