Using pre-set license
Built from '2022.3/staging' branch; Version is '2022.3.14f1 (eff2de9070d8) revision 15725278'; Using compiler version '192829333'; Build Type 'Release'
OS: 'Windows 11  (10.0.22621) 64bit Professional' Language: 'ko' Physical Memory: 65323 MB
BatchMode: 1, IsHumanControllingUs: 0, StartBugReporterOnCrash: 0, Is64bit: 1, IsPro: 1

COMMAND LINE ARGUMENTS:
C:\Program Files\Unity\Hub\Editor\2022.3.14f1\Editor\Unity.exe
-adb2
-batchMode
-noUpm
-name
AssetImportWorker0
-projectPath
C:/Users/MinKim/Desktop/varjo/24/24vrst/data_collection
-logFile
Logs/AssetImportWorker0.log
-srvPort
51255
Successfully changed project path to: C:/Users/MinKim/Desktop/varjo/24/24vrst/data_collection
C:/Users/MinKim/Desktop/varjo/24/24vrst/data_collection
[UnityMemory] Configuration Parameters - Can be set up in boot.config
    "memorysetup-bucket-allocator-granularity=16"
    "memorysetup-bucket-allocator-bucket-count=8"
    "memorysetup-bucket-allocator-block-size=33554432"
    "memorysetup-bucket-allocator-block-count=8"
    "memorysetup-main-allocator-block-size=16777216"
    "memorysetup-thread-allocator-block-size=16777216"
    "memorysetup-gfx-main-allocator-block-size=16777216"
    "memorysetup-gfx-thread-allocator-block-size=16777216"
    "memorysetup-cache-allocator-block-size=4194304"
    "memorysetup-typetree-allocator-block-size=2097152"
    "memorysetup-profiler-bucket-allocator-granularity=16"
    "memorysetup-profiler-bucket-allocator-bucket-count=8"
    "memorysetup-profiler-bucket-allocator-block-size=33554432"
    "memorysetup-profiler-bucket-allocator-block-count=8"
    "memorysetup-profiler-allocator-block-size=16777216"
    "memorysetup-profiler-editor-allocator-block-size=1048576"
    "memorysetup-temp-allocator-size-main=16777216"
    "memorysetup-job-temp-allocator-block-size=2097152"
    "memorysetup-job-temp-allocator-block-size-background=1048576"
    "memorysetup-job-temp-allocator-reduction-small-platforms=262144"
    "memorysetup-allocator-temp-initial-block-size-main=262144"
    "memorysetup-allocator-temp-initial-block-size-worker=262144"
    "memorysetup-temp-allocator-size-background-worker=32768"
    "memorysetup-temp-allocator-size-job-worker=262144"
    "memorysetup-temp-allocator-size-preload-manager=33554432"
    "memorysetup-temp-allocator-size-nav-mesh-worker=65536"
    "memorysetup-temp-allocator-size-audio-worker=65536"
    "memorysetup-temp-allocator-size-cloud-worker=32768"
    "memorysetup-temp-allocator-size-gi-baking-worker=262144"
    "memorysetup-temp-allocator-size-gfx=262144"
Player connection [10084] Host "[IP] 143.248.6.91 [Port] 0 [Flags] 2 [Guid] 1095924050 [EditorId] 1095924050 [Version] 1048832 [Id] WindowsEditor(7,DESKTOP-O8QBO0M) [Debug] 1 [PackageName] WindowsEditor [ProjectName] Editor" joined multi-casting on [225.0.0.222:54997]...

Player connection [10084] Host "[IP] 143.248.6.91 [Port] 0 [Flags] 2 [Guid] 1095924050 [EditorId] 1095924050 [Version] 1048832 [Id] WindowsEditor(7,DESKTOP-O8QBO0M) [Debug] 1 [PackageName] WindowsEditor [ProjectName] Editor" joined alternative multi-casting on [225.0.0.222:34997]...

[Physics::Module] Initialized MultithreadedJobDispatcher with 31 workers.
Refreshing native plugins compatible for Editor in 6.29 ms, found 9 plugins.
Preloading 0 native plugins for Editor in 0.00 ms.
Initialize engine version: 2022.3.14f1 (eff2de9070d8)
[Subsystems] Discovering subsystems at path C:/Program Files/Unity/Hub/Editor/2022.3.14f1/Editor/Data/Resources/UnitySubsystems
[Subsystems] Discovering subsystems at path C:/Users/MinKim/Desktop/varjo/24/24vrst/data_collection/Assets
GfxDevice: creating device client; threaded=0; jobified=0
Direct3D:
    Version:  Direct3D 11.0 [level 11.1]
    Renderer: NVIDIA GeForce RTX 4070 Ti (ID=0x2782)
    Vendor:   NVIDIA
    VRAM:     12010 MB
Initialize mono
Mono path[0] = 'C:/Program Files/Unity/Hub/Editor/2022.3.14f1/Editor/Data/Managed'
Mono path[1] = 'C:/Program Files/Unity/Hub/Editor/2022.3.14f1/Editor/Data/MonoBleedingEdge/lib/mono/unityjit-win32'
Mono config path = 'C:/Program Files/Unity/Hub/Editor/2022.3.14f1/Editor/Data/MonoBleedingEdge/etc'
Using monoOptions --debugger-agent=transport=dt_socket,embedding=1,server=y,suspend=n,address=127.0.0.1:56408
Begin MonoManager ReloadAssembly
Registering precompiled unity dll's ...
Register platform support module: C:/Program Files/Unity/Hub/Editor/2022.3.14f1/Editor/Data/PlaybackEngines/WebGLSupport/UnityEditor.WebGL.Extensions.dll
Register platform support module: C:/Program Files/Unity/Hub/Editor/2022.3.14f1/Editor/Data/PlaybackEngines/AndroidPlayer/UnityEditor.Android.Extensions.dll
Register platform support module: C:/Program Files/Unity/Hub/Editor/2022.3.14f1/Editor/Data/PlaybackEngines/WindowsStandaloneSupport/UnityEditor.WindowsStandalone.Extensions.dll
Register platform support module: C:/Program Files/Unity/Hub/Editor/2022.3.14f1/Editor/Data/PlaybackEngines/MetroSupport/UnityEditor.UWP.Extensions.dll
Registered in 0.007429 seconds.
- Loaded All Assemblies, in  0.212 seconds
Native extension for UWP target not found
Native extension for WindowsStandalone target not found
Native extension for Android target not found
Android Extension - Scanning For ADB Devices 241 ms
Native extension for WebGL target not found
Mono: successfully reloaded assembly
- Finished resetting the current domain, in  0.422 seconds
Domain Reload Profiling: 634ms
	BeginReloadAssembly (64ms)
		ExecutionOrderSort (0ms)
		DisableScriptedObjects (0ms)
		BackupInstance (0ms)
		ReleaseScriptingObjects (0ms)
		CreateAndSetChildDomain (1ms)
	RebuildCommonClasses (19ms)
	RebuildNativeTypeToScriptingClass (6ms)
	initialDomainReloadingComplete (38ms)
	LoadAllAssembliesAndSetupDomain (86ms)
		LoadAssemblies (63ms)
		RebuildTransferFunctionScriptingTraits (0ms)
		AnalyzeDomain (84ms)
			TypeCache.Refresh (83ms)
				TypeCache.ScanAssembly (75ms)
			ScanForSourceGeneratedMonoScriptInfo (0ms)
			ResolveRequiredComponents (0ms)
	FinalizeReload (422ms)
		ReleaseScriptCaches (0ms)
		RebuildScriptCaches (0ms)
		SetupLoadedEditorAssemblies (389ms)
			LogAssemblyErrors (0ms)
			InitializePlatformSupportModulesInManaged (305ms)
			SetLoadedEditorAssemblies (2ms)
			RefreshPlugins (0ms)
			BeforeProcessingInitializeOnLoad (1ms)
			ProcessInitializeOnLoadAttributes (54ms)
			ProcessInitializeOnLoadMethodAttributes (27ms)
			AfterProcessingInitializeOnLoad (0ms)
			EditorAssembliesLoaded (0ms)
		ExecutionOrderSort2 (0ms)
		AwakeInstancesAfterBackupRestoration (0ms)
========================================================================
Worker process is ready to serve import requests
Begin MonoManager ReloadAssembly
- Loaded All Assemblies, in  0.417 seconds
Refreshing native plugins compatible for Editor in 3.31 ms, found 9 plugins.
Native extension for UWP target not found
Native extension for WindowsStandalone target not found
Native extension for Android target not found
Native extension for WebGL target not found
Package Manager log level set to [2]
[Package Manager] Server::EnsureServerProcessIsRunning -- launch failed, reason: Unity was launched with the -noUpm command-line argument
[Package Manager] UpmClient::Send -- Unable to send message (not connected to UPM process).
[Package Manager] Cannot connect to Unity Package Manager local server
[Package Manager] Server::EnsureServerProcessIsRunning -- launch failed, reason: Unity was launched with the -noUpm command-line argument
[Package Manager] UpmClient::Send -- Unable to send message (not connected to UPM process).
[Package Manager] Cannot connect to Unity Package Manager local server
Mono: successfully reloaded assembly
[Package Manager] Server::EnsureServerProcessIsRunning -- launch failed, reason: Unity was launched with the -noUpm command-line argument
[Package Manager] UpmClient::Send -- Unable to send message (not connected to UPM process).
[Package Manager] Cannot connect to Unity Package Manager local server
[Package Manager] Server::EnsureServerProcessIsRunning -- launch failed, reason: Unity was launched with the -noUpm command-line argument
[Package Manager] UpmClient::Send -- Unable to send message (not connected to UPM process).
[Package Manager] Cannot connect to Unity Package Manager local server
- Finished resetting the current domain, in  0.378 seconds
Domain Reload Profiling: 792ms
	BeginReloadAssembly (88ms)
		ExecutionOrderSort (0ms)
		DisableScriptedObjects (5ms)
		BackupInstance (0ms)
		ReleaseScriptingObjects (0ms)
		CreateAndSetChildDomain (13ms)
	RebuildCommonClasses (19ms)
	RebuildNativeTypeToScriptingClass (6ms)
	initialDomainReloadingComplete (25ms)
	LoadAllAssembliesAndSetupDomain (277ms)
		LoadAssemblies (203ms)
		RebuildTransferFunctionScriptingTraits (0ms)
		AnalyzeDomain (124ms)
			TypeCache.Refresh (105ms)
				TypeCache.ScanAssembly (94ms)
			ScanForSourceGeneratedMonoScriptInfo (14ms)
			ResolveRequiredComponents (4ms)
	FinalizeReload (379ms)
		ReleaseScriptCaches (0ms)
		RebuildScriptCaches (0ms)
		SetupLoadedEditorAssemblies (285ms)
			LogAssemblyErrors (0ms)
			InitializePlatformSupportModulesInManaged (16ms)
			SetLoadedEditorAssemblies (2ms)
			RefreshPlugins (0ms)
			BeforeProcessingInitializeOnLoad (45ms)
			ProcessInitializeOnLoadAttributes (205ms)
			ProcessInitializeOnLoadMethodAttributes (14ms)
			AfterProcessingInitializeOnLoad (4ms)
			EditorAssembliesLoaded (0ms)
		ExecutionOrderSort2 (0ms)
		AwakeInstancesAfterBackupRestoration (3ms)
Launched and connected shader compiler UnityShaderCompiler.exe after 0.03 seconds
Refreshing native plugins compatible for Editor in 3.21 ms, found 9 plugins.
Preloading 0 native plugins for Editor in 0.00 ms.
Unloading 4561 Unused Serialized files (Serialized files now loaded: 0)
Unloading 62 unused Assets / (1.4 MB). Loaded Objects now: 5013.
Memory consumption went from 167.4 MB to 166.0 MB.
Total: 2.862200 ms (FindLiveObjects: 0.231300 ms CreateObjectMapping: 0.082200 ms MarkObjects: 2.096800 ms  DeleteObjects: 0.450600 ms)

AssetImportParameters requested are different than current active one (requested -> active):
  custom:container-demuxer-ogg: 62fdf1f143b41e24485cea50d1cbac27 -> 
  custom:video-codec-MediaFoundation-h265: 746d11721c4dcdbdad8f713fa42b33f4 -> 
  custom:video-decoder-ogg-theora: a1e56fd34408186e4bbccfd4996cb3dc -> 
  custom:framework-win-MediaFoundation: 216162199b28c13a410421893ffa2e32 -> 
  custom:container-demuxer-webm: 4f35f7cbe854078d1ac9338744f61a02 -> 
  custom:container-muxer-webm: aa71ff27fc2769a1b78a27578f13a17b -> 
  custom:video-decoder-webm-vp8: 9c59270c3fd7afecdb556c50c9e8de78 -> 
  custom:AudioImporter_EditorPlatform: d09bf68614088b80899f8185d706f6e7 -> 
  custom:video-encoder-webm-vp8: eb34c28f22e8b96e1ab97ce403110664 -> 
  custom:audio-decoder-ogg-vorbis: bf7c407c2cedff20999df2af8eb42d56 -> 
  custom:audio-encoder-webm-vorbis: bf7c407c2cedff20999df2af8eb42d56 -> 
========================================================================
Received Import Request.
  Time since last request: 4721159.676673 seconds.
  path: Assets
  artifactKey: Guid(00000000000000001000000000000000) Importer(815301076,1909f56bfc062723c751e8b465ee728b)
Start importing Assets using Guid(00000000000000001000000000000000) Importer(815301076,1909f56bfc062723c751e8b465ee728b)  -> (artifact id: '8a4fe85251aa2e89732c359432baa2c3') in 0.001672 seconds
Number of updated asset objects reloaded before import = 0
Number of asset objects unloaded after import = 0
========================================================================
Received Prepare
Refreshing native plugins compatible for Editor in 4.02 ms, found 9 plugins.
Preloading 0 native plugins for Editor in 0.00 ms.
Unloading 7 Unused Serialized files (Serialized files now loaded: 0)
Unloading 8 unused Assets / (1.3 MB). Loaded Objects now: 5013.
Memory consumption went from 91.9 MB to 90.6 MB.
Total: 3.177700 ms (FindLiveObjects: 0.194300 ms CreateObjectMapping: 0.062100 ms MarkObjects: 2.500900 ms  DeleteObjects: 0.419400 ms)

Prepare: number of updated asset objects reloaded= 0
AssetImportParameters requested are different than current active one (requested -> active):
  custom:container-demuxer-ogg: 62fdf1f143b41e24485cea50d1cbac27 -> 
  custom:video-codec-MediaFoundation-h265: 746d11721c4dcdbdad8f713fa42b33f4 -> 
  custom:video-decoder-ogg-theora: a1e56fd34408186e4bbccfd4996cb3dc -> 
  custom:framework-win-MediaFoundation: 216162199b28c13a410421893ffa2e32 -> 
  custom:CustomObjectIndexerAttribute: 756ad292c208cfabdd7b50bc23989ffe -> 
  custom:container-demuxer-webm: 4f35f7cbe854078d1ac9338744f61a02 -> 
  custom:container-muxer-webm: aa71ff27fc2769a1b78a27578f13a17b -> 
  custom:video-decoder-webm-vp8: 9c59270c3fd7afecdb556c50c9e8de78 -> 
  custom:SearchIndexIgnoredProperties: e643bd26f0fe6173181afceb89e7c659 -> 
  custom:AudioImporter_EditorPlatform: d09bf68614088b80899f8185d706f6e7 -> 
  custom:video-encoder-webm-vp8: eb34c28f22e8b96e1ab97ce403110664 -> 
  custom:audio-decoder-ogg-vorbis: bf7c407c2cedff20999df2af8eb42d56 -> 
  custom:audio-encoder-webm-vorbis: bf7c407c2cedff20999df2af8eb42d56 -> 
========================================================================
Received Import Request.
  Time since last request: 3.308132 seconds.
  path: Assets/assest store
  artifactKey: Guid(eeeadfadcbd93a54ab39760defe133fd) Importer(815301076,1909f56bfc062723c751e8b465ee728b)
Start importing Assets/assest store using Guid(eeeadfadcbd93a54ab39760defe133fd) Importer(815301076,1909f56bfc062723c751e8b465ee728b)  -> (artifact id: '1a04eaebb1269343955e2d62f20c3b50') in 0.001328 seconds
Number of updated asset objects reloaded before import = 0
Number of asset objects unloaded after import = 0
========================================================================
Received Import Request.
  Time since last request: 462.734175 seconds.
  path: Assets/Assest store/QA_Books/Prefabs
  artifactKey: Guid(a94c59f662df59d478a3e66ab4c7a95e) Importer(815301076,1909f56bfc062723c751e8b465ee728b)
Start importing Assets/Assest store/QA_Books/Prefabs using Guid(a94c59f662df59d478a3e66ab4c7a95e) Importer(815301076,1909f56bfc062723c751e8b465ee728b)  -> (artifact id: 'cb0a1e460a0c84e027c96fed12c5affa') in 0.000683 seconds
Number of updated asset objects reloaded before import = 0
Number of asset objects unloaded after import = 0
========================================================================
Received Import Request.
  Time since last request: 2.417564 seconds.
  path: Assets/Assest store/QA_Books/Prefabs/Book_01.prefab
  artifactKey: Guid(8eabee3a247b5fe41bfdcf4b301c41a6) Importer(815301076,1909f56bfc062723c751e8b465ee728b)
Start importing Assets/Assest store/QA_Books/Prefabs/Book_01.prefab using Guid(8eabee3a247b5fe41bfdcf4b301c41a6) Importer(815301076,1909f56bfc062723c751e8b465ee728b)  -> (artifact id: 'de66387c43255f5bac443dba768db2a8') in 0.516428 seconds
Number of updated asset objects reloaded before import = 0
Number of asset objects unloaded after import = 12
========================================================================
Received Import Request.
  Time since last request: 0.000017 seconds.
  path: Assets/Assest store/QA_Books/Prefabs/Book_15.prefab
  artifactKey: Guid(afa8cf251f4d24d4bac5124efaae45f4) Importer(815301076,1909f56bfc062723c751e8b465ee728b)
Start importing Assets/Assest store/QA_Books/Prefabs/Book_15.prefab using Guid(afa8cf251f4d24d4bac5124efaae45f4) Importer(815301076,1909f56bfc062723c751e8b465ee728b)  -> (artifact id: 'd418c395355e607ac1a273ddb636f898') in 0.023653 seconds
Number of updated asset objects reloaded before import = 0
Number of asset objects unloaded after import = 12
========================================================================
Received Import Request.
  Time since last request: 0.000024 seconds.
  path: Assets/Assest store/QA_Books/Prefabs/Book_18.prefab
  artifactKey: Guid(716f6e89ae77a3c4099c9b880caece9e) Importer(815301076,1909f56bfc062723c751e8b465ee728b)
Start importing Assets/Assest store/QA_Books/Prefabs/Book_18.prefab using Guid(716f6e89ae77a3c4099c9b880caece9e) Importer(815301076,1909f56bfc062723c751e8b465ee728b)  -> (artifact id: 'ce7c5f23316fd5ce6bab264352c05c17') in 0.023538 seconds
Number of updated asset objects reloaded before import = 0
Number of asset objects unloaded after import = 12
========================================================================
Received Import Request.
  Time since last request: 0.000014 seconds.
  path: Assets/Assest store/QA_Books/Prefabs/Book_25.prefab
  artifactKey: Guid(9d95d61f077f93045afb3b743d45b14a) Importer(815301076,1909f56bfc062723c751e8b465ee728b)
Start importing Assets/Assest store/QA_Books/Prefabs/Book_25.prefab using Guid(9d95d61f077f93045afb3b743d45b14a) Importer(815301076,1909f56bfc062723c751e8b465ee728b)  -> (artifact id: '674f7f758e600f98d5f39604ef7fda47') in 0.022188 seconds
Number of updated asset objects reloaded before import = 0
Number of asset objects unloaded after import = 12
========================================================================
Received Import Request.
  Time since last request: 0.000018 seconds.
  path: Assets/Assest store/QA_Books/Prefabs/Book_13.prefab
  artifactKey: Guid(33870fbe93d82aa42bbf30d1b6ca6dbc) Importer(815301076,1909f56bfc062723c751e8b465ee728b)
Start importing Assets/Assest store/QA_Books/Prefabs/Book_13.prefab using Guid(33870fbe93d82aa42bbf30d1b6ca6dbc) Importer(815301076,1909f56bfc062723c751e8b465ee728b)  -> (artifact id: '81894c19276641b536360e6bfd2afae9') in 0.024396 seconds
Number of updated asset objects reloaded before import = 0
Number of asset objects unloaded after import = 12
========================================================================
Received Import Request.
  Time since last request: 0.000013 seconds.
  path: Assets/Assest store/QA_Books/Prefabs/Book_24.prefab
  artifactKey: Guid(9892017200d0cc94d88831a60a2060b0) Importer(815301076,1909f56bfc062723c751e8b465ee728b)
Start importing Assets/Assest store/QA_Books/Prefabs/Book_24.prefab using Guid(9892017200d0cc94d88831a60a2060b0) Importer(815301076,1909f56bfc062723c751e8b465ee728b)  -> (artifact id: '25a2ce91523a7f5e43afdf06c88b6d86') in 0.024481 seconds
Number of updated asset objects reloaded before import = 0
Number of asset objects unloaded after import = 12
========================================================================
Received Import Request.
  Time since last request: 0.000016 seconds.
  path: Assets/Assest store/QA_Books/Prefabs/Book_07.prefab
  artifactKey: Guid(f59a33c8074a57247b87c5b2160c5660) Importer(815301076,1909f56bfc062723c751e8b465ee728b)
Start importing Assets/Assest store/QA_Books/Prefabs/Book_07.prefab using Guid(f59a33c8074a57247b87c5b2160c5660) Importer(815301076,1909f56bfc062723c751e8b465ee728b)  -> (artifact id: '97d17bc3c0528eb821333e5c48dd98f9') in 0.023231 seconds
Number of updated asset objects reloaded before import = 0
Number of asset objects unloaded after import = 12
========================================================================
Received Import Request.
  Time since last request: 0.000013 seconds.
  path: Assets/Assest store/QA_Books/Prefabs/Book_16.prefab
  artifactKey: Guid(b9cc39342554d8f4b876f442e992b119) Importer(815301076,1909f56bfc062723c751e8b465ee728b)
Start importing Assets/Assest store/QA_Books/Prefabs/Book_16.prefab using Guid(b9cc39342554d8f4b876f442e992b119) Importer(815301076,1909f56bfc062723c751e8b465ee728b)  -> (artifact id: '3987496f2a9f00dada93271492c875de') in 0.024859 seconds
Number of updated asset objects reloaded before import = 0
Number of asset objects unloaded after import = 12
========================================================================
Received Import Request.
  Time since last request: 0.000011 seconds.
  path: Assets/Assest store/QA_Books/Prefabs/Book_19.prefab
  artifactKey: Guid(634bb5e240f1cdc4eabfc48f21381190) Importer(815301076,1909f56bfc062723c751e8b465ee728b)
Start importing Assets/Assest store/QA_Books/Prefabs/Book_19.prefab using Guid(634bb5e240f1cdc4eabfc48f21381190) Importer(815301076,1909f56bfc062723c751e8b465ee728b)  -> (artifact id: '5478a3ae1e46030bad7163d562515b15') in 0.024325 seconds
Number of updated asset objects reloaded before import = 0
Number of asset objects unloaded after import = 12
========================================================================
Received Import Request.
  Time since last request: 0.000014 seconds.
  path: Assets/Assest store/QA_Books/Prefabs/Book_03.prefab
  artifactKey: Guid(d4ea1b5a817a24748a674f21c65f6c1d) Importer(815301076,1909f56bfc062723c751e8b465ee728b)
Start importing Assets/Assest store/QA_Books/Prefabs/Book_03.prefab using Guid(d4ea1b5a817a24748a674f21c65f6c1d) Importer(815301076,1909f56bfc062723c751e8b465ee728b)  -> (artifact id: 'e935767b044ff56541d0a58c31035f4b') in 0.022452 seconds
Number of updated asset objects reloaded before import = 0
Number of asset objects unloaded after import = 12
========================================================================
Received Import Request.
  Time since last request: 0.000012 seconds.
  path: Assets/Assest store/QA_Books/Prefabs/Book_17.prefab
  artifactKey: Guid(114f2b09cbdeb8d42b7a7f4ab0c2ceb4) Importer(815301076,1909f56bfc062723c751e8b465ee728b)
Start importing Assets/Assest store/QA_Books/Prefabs/Book_17.prefab using Guid(114f2b09cbdeb8d42b7a7f4ab0c2ceb4) Importer(815301076,1909f56bfc062723c751e8b465ee728b)  -> (artifact id: 'aad65d94035feb922bbabed33b98f3a4') in 0.015770 seconds
Number of updated asset objects reloaded before import = 0
Number of asset objects unloaded after import = 12
========================================================================
Received Import Request.
  Time since last request: 0.000016 seconds.
  path: Assets/Assest store/QA_Books/Prefabs/Book_05.prefab
  artifactKey: Guid(ea73ac8887b117a46a3858c8d1887c76) Importer(815301076,1909f56bfc062723c751e8b465ee728b)
Start importing Assets/Assest store/QA_Books/Prefabs/Book_05.prefab using Guid(ea73ac8887b117a46a3858c8d1887c76) Importer(815301076,1909f56bfc062723c751e8b465ee728b)  -> (artifact id: '55fd1b8bcaf24e8c39e83d4227aed3e0') in 0.015707 seconds
Number of updated asset objects reloaded before import = 0
Number of asset objects unloaded after import = 12
========================================================================
Received Import Request.
  Time since last request: 2.324773 seconds.
  path: Assets/Assest store/QA_Books/Prefabs/Book_26.prefab
  artifactKey: Guid(ef571f725b2d0b648ae27fc811b7365e) Importer(815301076,1909f56bfc062723c751e8b465ee728b)
Start importing Assets/Assest store/QA_Books/Prefabs/Book_26.prefab using Guid(ef571f725b2d0b648ae27fc811b7365e) Importer(815301076,1909f56bfc062723c751e8b465ee728b)  -> (artifact id: '907e04930dcd66e9de5b544d90f8b253') in 0.014680 seconds
Number of updated asset objects reloaded before import = 0
Number of asset objects unloaded after import = 12
========================================================================
Received Import Request.
  Time since last request: 0.336486 seconds.
  path: Assets/Assest store/QA_Books/Prefabs/Book_27.prefab
  artifactKey: Guid(c5dc42355e9922149ba62e416f86b2a1) Importer(815301076,1909f56bfc062723c751e8b465ee728b)
Start importing Assets/Assest store/QA_Books/Prefabs/Book_27.prefab using Guid(c5dc42355e9922149ba62e416f86b2a1) Importer(815301076,1909f56bfc062723c751e8b465ee728b)  -> (artifact id: 'bae1d8fbc5f3b9447c865f37ce3b4169') in 0.019197 seconds
Number of updated asset objects reloaded before import = 0
Number of asset objects unloaded after import = 12
========================================================================
Received Import Request.
  Time since last request: 0.000014 seconds.
  path: Assets/Assest store/QA_Books/Prefabs/Book_30.prefab
  artifactKey: Guid(af14cfced951b234b907c737abdc0ad4) Importer(815301076,1909f56bfc062723c751e8b465ee728b)
Start importing Assets/Assest store/QA_Books/Prefabs/Book_30.prefab using Guid(af14cfced951b234b907c737abdc0ad4) Importer(815301076,1909f56bfc062723c751e8b465ee728b)  -> (artifact id: 'd6371892afcc0e275731223b188967c1') in 0.014754 seconds
Number of updated asset objects reloaded before import = 0
Number of asset objects unloaded after import = 12
========================================================================
Received Import Request.
  Time since last request: 2.435929 seconds.
  path: Assets/Assest store/QA_Books/Prefabs/Book_32.prefab
  artifactKey: Guid(139e2fe27974ac442890334914e64148) Importer(815301076,1909f56bfc062723c751e8b465ee728b)
Start importing Assets/Assest store/QA_Books/Prefabs/Book_32.prefab using Guid(139e2fe27974ac442890334914e64148) Importer(815301076,1909f56bfc062723c751e8b465ee728b)  -> (artifact id: 'a8fccf71a0d0a10923ac60f8741b4862') in 0.018990 seconds
Number of updated asset objects reloaded before import = 0
Number of asset objects unloaded after import = 12
========================================================================
Received Import Request.
  Time since last request: 0.000074 seconds.
  path: Assets/Assest store/QA_Books/Prefabs/Book_35.prefab
  artifactKey: Guid(0a49c3d3842ff4a4e804005553b3b62d) Importer(815301076,1909f56bfc062723c751e8b465ee728b)
Start importing Assets/Assest store/QA_Books/Prefabs/Book_35.prefab using Guid(0a49c3d3842ff4a4e804005553b3b62d) Importer(815301076,1909f56bfc062723c751e8b465ee728b)  -> (artifact id: 'a9ca55def789031ae3070fdc3e93a037') in 0.017517 seconds
Number of updated asset objects reloaded before import = 0
Number of asset objects unloaded after import = 12
========================================================================
Received Import Request.
  Time since last request: 0.000012 seconds.
  path: Assets/Assest store/QA_Books/Prefabs/Book_34.prefab
  artifactKey: Guid(930d7b1a750d2f144a91ab60fca13b78) Importer(815301076,1909f56bfc062723c751e8b465ee728b)
Start importing Assets/Assest store/QA_Books/Prefabs/Book_34.prefab using Guid(930d7b1a750d2f144a91ab60fca13b78) Importer(815301076,1909f56bfc062723c751e8b465ee728b)  -> (artifact id: 'f7bffdd28cdf62084ba9aae1637e480e') in 0.017502 seconds
Number of updated asset objects reloaded before import = 0
Number of asset objects unloaded after import = 12
========================================================================
Received Import Request.
  Time since last request: 0.462165 seconds.
  path: Assets/Assest store/QA_Books/Prefabs/Book_38.prefab
  artifactKey: Guid(8d3390da787d3844bbc4bcde9ca169ab) Importer(815301076,1909f56bfc062723c751e8b465ee728b)
Start importing Assets/Assest store/QA_Books/Prefabs/Book_38.prefab using Guid(8d3390da787d3844bbc4bcde9ca169ab) Importer(815301076,1909f56bfc062723c751e8b465ee728b)  -> (artifact id: '8ae037ca54b9b831d4a0c520caa375c0') in 0.019749 seconds
Number of updated asset objects reloaded before import = 0
Number of asset objects unloaded after import = 12
========================================================================
Received Import Request.
  Time since last request: 0.000017 seconds.
  path: Assets/Assest store/QA_Books/Prefabs/Book_40.prefab
  artifactKey: Guid(bf3d1b965adae8a458c3e89db971211a) Importer(815301076,1909f56bfc062723c751e8b465ee728b)
Start importing Assets/Assest store/QA_Books/Prefabs/Book_40.prefab using Guid(bf3d1b965adae8a458c3e89db971211a) Importer(815301076,1909f56bfc062723c751e8b465ee728b)  -> (artifact id: '372eb63149e05b8ec26433cc1b3c1101') in 0.022876 seconds
Number of updated asset objects reloaded before import = 0
Number of asset objects unloaded after import = 12
========================================================================
Received Import Request.
  Time since last request: 0.000020 seconds.
  path: Assets/Assest store/QA_Books/Prefabs/Book_43.prefab
  artifactKey: Guid(4a659989bfe2e50459a178b9cb924616) Importer(815301076,1909f56bfc062723c751e8b465ee728b)
Start importing Assets/Assest store/QA_Books/Prefabs/Book_43.prefab using Guid(4a659989bfe2e50459a178b9cb924616) Importer(815301076,1909f56bfc062723c751e8b465ee728b)  -> (artifact id: 'c8e0013ad6568f1bb58749480f1e8c9f') in 0.019660 seconds
Number of updated asset objects reloaded before import = 0
Number of asset objects unloaded after import = 12
========================================================================
Received Import Request.
  Time since last request: 0.539475 seconds.
  path: Assets/Assest store/QA_Books/Prefabs/Book_44.prefab
  artifactKey: Guid(31a995afe3fc9f54ca95ab3cc78b6800) Importer(815301076,1909f56bfc062723c751e8b465ee728b)
Start importing Assets/Assest store/QA_Books/Prefabs/Book_44.prefab using Guid(31a995afe3fc9f54ca95ab3cc78b6800) Importer(815301076,1909f56bfc062723c751e8b465ee728b)  -> (artifact id: '712cdafb0326040f57b9d7004c60c600') in 0.025724 seconds
Number of updated asset objects reloaded before import = 0
Number of asset objects unloaded after import = 12
========================================================================
Received Import Request.
  Time since last request: 0.000015 seconds.
  path: Assets/Assest store/QA_Books/Prefabs/Book_46.prefab
  artifactKey: Guid(45db99617d415c84c9c1967342b84c18) Importer(815301076,1909f56bfc062723c751e8b465ee728b)
Start importing Assets/Assest store/QA_Books/Prefabs/Book_46.prefab using Guid(45db99617d415c84c9c1967342b84c18) Importer(815301076,1909f56bfc062723c751e8b465ee728b)  -> (artifact id: 'a1e1ffc32644a28765ccf8d94afc554a') in 0.023453 seconds
Number of updated asset objects reloaded before import = 0
Number of asset objects unloaded after import = 12
========================================================================
Received Import Request.
  Time since last request: 0.000024 seconds.
  path: Assets/Assest store/QA_Books/Prefabs/Book_48.prefab
  artifactKey: Guid(1a07456d67796204ea7678dbe6cfe362) Importer(815301076,1909f56bfc062723c751e8b465ee728b)
Start importing Assets/Assest store/QA_Books/Prefabs/Book_48.prefab using Guid(1a07456d67796204ea7678dbe6cfe362) Importer(815301076,1909f56bfc062723c751e8b465ee728b)  -> (artifact id: 'd50c280a865ac1bef5907200406d1018') in 0.025361 seconds
Number of updated asset objects reloaded before import = 0
Number of asset objects unloaded after import = 12
========================================================================
Received Import Request.
  Time since last request: 0.026168 seconds.
  path: Assets/Assest store/QA_Books/Prefabs/Book_50.prefab
  artifactKey: Guid(7332e86eb26e8304cb599d59557fd313) Importer(815301076,1909f56bfc062723c751e8b465ee728b)
Start importing Assets/Assest store/QA_Books/Prefabs/Book_50.prefab using Guid(7332e86eb26e8304cb599d59557fd313) Importer(815301076,1909f56bfc062723c751e8b465ee728b)  -> (artifact id: '80c481b5dd66f01a08a87f9da3dbfede') in 0.023317 seconds
Number of updated asset objects reloaded before import = 0
Number of asset objects unloaded after import = 12
========================================================================
Received Import Request.
  Time since last request: 0.000011 seconds.
  path: Assets/Assest store/QA_Books/Prefabs/Book_54.prefab
  artifactKey: Guid(e153b61442ea1934fb28b02070fff4c0) Importer(815301076,1909f56bfc062723c751e8b465ee728b)
Start importing Assets/Assest store/QA_Books/Prefabs/Book_54.prefab using Guid(e153b61442ea1934fb28b02070fff4c0) Importer(815301076,1909f56bfc062723c751e8b465ee728b)  -> (artifact id: 'd09969a967ca0108d58c5c04fb43d339') in 0.021875 seconds
Number of updated asset objects reloaded before import = 0
Number of asset objects unloaded after import = 12
========================================================================
Received Import Request.
  Time since last request: 0.000012 seconds.
  path: Assets/Assest store/QA_Books/Prefabs/Book_52.prefab
  artifactKey: Guid(5c50068b0aa4ea9469f5b39c43f09cbd) Importer(815301076,1909f56bfc062723c751e8b465ee728b)
Start importing Assets/Assest store/QA_Books/Prefabs/Book_52.prefab using Guid(5c50068b0aa4ea9469f5b39c43f09cbd) Importer(815301076,1909f56bfc062723c751e8b465ee728b)  -> (artifact id: 'f05a5f30a8e32cf5df5f9cf3c2878d37') in 0.026115 seconds
Number of updated asset objects reloaded before import = 0
Number of asset objects unloaded after import = 12
========================================================================
Received Import Request.
  Time since last request: 0.735956 seconds.
  path: Assets/Assest store/QA_Books/Prefabs/Book_56.prefab
  artifactKey: Guid(f7adbd815098e964f87fe714f15c93a4) Importer(815301076,1909f56bfc062723c751e8b465ee728b)
Start importing Assets/Assest store/QA_Books/Prefabs/Book_56.prefab using Guid(f7adbd815098e964f87fe714f15c93a4) Importer(815301076,1909f56bfc062723c751e8b465ee728b)  -> (artifact id: '50be50b609a1f88c6a3ab238a3cbdd18') in 0.026988 seconds
Number of updated asset objects reloaded before import = 0
Number of asset objects unloaded after import = 12
========================================================================
Received Import Request.
  Time since last request: 0.000012 seconds.
  path: Assets/Assest store/QA_Books/Prefabs/Book_59.prefab
  artifactKey: Guid(03723e9b1fea55c4388212dd969437ab) Importer(815301076,1909f56bfc062723c751e8b465ee728b)
Start importing Assets/Assest store/QA_Books/Prefabs/Book_59.prefab using Guid(03723e9b1fea55c4388212dd969437ab) Importer(815301076,1909f56bfc062723c751e8b465ee728b)  -> (artifact id: '3d873310ee689ad5eebf55a786a02e63') in 0.023276 seconds
Number of updated asset objects reloaded before import = 0
Number of asset objects unloaded after import = 12
========================================================================
Received Import Request.
  Time since last request: 0.000013 seconds.
  path: Assets/Assest store/QA_Books/Prefabs/Book_60.prefab
  artifactKey: Guid(76b8ffd7ef9a0dd448a25ba7816f7f28) Importer(815301076,1909f56bfc062723c751e8b465ee728b)
Start importing Assets/Assest store/QA_Books/Prefabs/Book_60.prefab using Guid(76b8ffd7ef9a0dd448a25ba7816f7f28) Importer(815301076,1909f56bfc062723c751e8b465ee728b)  -> (artifact id: '387f5636fd02eb8125bf1c4415db8748') in 0.015617 seconds
Number of updated asset objects reloaded before import = 0
Number of asset objects unloaded after import = 12
========================================================================
Received Import Request.
  Time since last request: 0.033873 seconds.
  path: Assets/Assest store/QA_Books/Prefabs/Book_62.prefab
  artifactKey: Guid(c0bfcc8ab58c98d48bbe71e3091f0b14) Importer(815301076,1909f56bfc062723c751e8b465ee728b)
Start importing Assets/Assest store/QA_Books/Prefabs/Book_62.prefab using Guid(c0bfcc8ab58c98d48bbe71e3091f0b14) Importer(815301076,1909f56bfc062723c751e8b465ee728b)  -> (artifact id: '1adc85987a365aa8b07be54cedec19f4') in 0.015906 seconds
Number of updated asset objects reloaded before import = 0
Number of asset objects unloaded after import = 12
========================================================================
Received Import Request.
  Time since last request: 0.000013 seconds.
  path: Assets/Assest store/QA_Books/Prefabs/Book_64.prefab
  artifactKey: Guid(c19de27ec7b52aa418875a42f141f928) Importer(815301076,1909f56bfc062723c751e8b465ee728b)
Start importing Assets/Assest store/QA_Books/Prefabs/Book_64.prefab using Guid(c19de27ec7b52aa418875a42f141f928) Importer(815301076,1909f56bfc062723c751e8b465ee728b)  -> (artifact id: '45856d9c0b0b9e735fd81c51aefef399') in 0.015786 seconds
Number of updated asset objects reloaded before import = 0
Number of asset objects unloaded after import = 12
========================================================================
Received Import Request.
  Time since last request: 0.000014 seconds.
  path: Assets/Assest store/QA_Books/Prefabs/Book_67.prefab
  artifactKey: Guid(d8f82ca8968ebf54e883a955cf0e4156) Importer(815301076,1909f56bfc062723c751e8b465ee728b)
Start importing Assets/Assest store/QA_Books/Prefabs/Book_67.prefab using Guid(d8f82ca8968ebf54e883a955cf0e4156) Importer(815301076,1909f56bfc062723c751e8b465ee728b)  -> (artifact id: 'c0ada0dc3f34eac2afed2acfb16d56c5') in 0.016527 seconds
Number of updated asset objects reloaded before import = 0
Number of asset objects unloaded after import = 12
========================================================================
Received Import Request.
  Time since last request: 0.292518 seconds.
  path: Assets/Assest store/QA_Books/Prefabs/BookOpen_01.prefab
  artifactKey: Guid(8c327ec2627a0df46a0e82d80aaaef96) Importer(815301076,1909f56bfc062723c751e8b465ee728b)
Start importing Assets/Assest store/QA_Books/Prefabs/BookOpen_01.prefab using Guid(8c327ec2627a0df46a0e82d80aaaef96) Importer(815301076,1909f56bfc062723c751e8b465ee728b)  -> (artifact id: '58cae6705bff6fcc98b987b65a705153') in 0.019423 seconds
Number of updated asset objects reloaded before import = 0
Number of asset objects unloaded after import = 12
========================================================================
Received Import Request.
  Time since last request: 0.000024 seconds.
  path: Assets/Assest store/QA_Books/Prefabs/Books_01.prefab
  artifactKey: Guid(e25671d0d7ace2c45b234d1ea8c51c8e) Importer(815301076,1909f56bfc062723c751e8b465ee728b)
Start importing Assets/Assest store/QA_Books/Prefabs/Books_01.prefab using Guid(e25671d0d7ace2c45b234d1ea8c51c8e) Importer(815301076,1909f56bfc062723c751e8b465ee728b)  -> (artifact id: 'c22ad82661a066ed021101ad2ceec4e2') in 0.014217 seconds
Number of updated asset objects reloaded before import = 0
Number of asset objects unloaded after import = 12
========================================================================
Received Import Request.
  Time since last request: 0.000021 seconds.
  path: Assets/Assest store/QA_Books/Prefabs/Books_02.prefab
  artifactKey: Guid(834e0bcc60f83bf49aa087f1a7b9422b) Importer(815301076,1909f56bfc062723c751e8b465ee728b)
Start importing Assets/Assest store/QA_Books/Prefabs/Books_02.prefab using Guid(834e0bcc60f83bf49aa087f1a7b9422b) Importer(815301076,1909f56bfc062723c751e8b465ee728b)  -> (artifact id: 'ea36851aad0ed0a95a19fe3055598817') in 0.023719 seconds
Number of updated asset objects reloaded before import = 0
Number of asset objects unloaded after import = 16
========================================================================
Received Import Request.
  Time since last request: 0.308879 seconds.
  path: Assets/Assest store/QA_Books/Prefabs/Books_03.prefab
  artifactKey: Guid(5762c4df8a871c942b581eb368690b4b) Importer(815301076,1909f56bfc062723c751e8b465ee728b)
Start importing Assets/Assest store/QA_Books/Prefabs/Books_03.prefab using Guid(5762c4df8a871c942b581eb368690b4b) Importer(815301076,1909f56bfc062723c751e8b465ee728b)  -> (artifact id: 'f2dc572d36db1bfda736619e63ade479') in 0.018068 seconds
Number of updated asset objects reloaded before import = 0
Number of asset objects unloaded after import = 12
========================================================================
Received Import Request.
  Time since last request: 0.000011 seconds.
  path: Assets/Assest store/QA_Books/Prefabs/Books_05.prefab
  artifactKey: Guid(b55cadeb42ed9664191c697a2a810cd2) Importer(815301076,1909f56bfc062723c751e8b465ee728b)
Start importing Assets/Assest store/QA_Books/Prefabs/Books_05.prefab using Guid(b55cadeb42ed9664191c697a2a810cd2) Importer(815301076,1909f56bfc062723c751e8b465ee728b)  -> (artifact id: 'acb86031319bf929c657fbb950d877e5') in 0.017559 seconds
Number of updated asset objects reloaded before import = 0
Number of asset objects unloaded after import = 12
========================================================================
Received Import Request.
  Time since last request: 0.000012 seconds.
  path: Assets/Assest store/QA_Books/Prefabs/Books_08.prefab
  artifactKey: Guid(ec8b339dbc2febd4ca45f0051b5f431f) Importer(815301076,1909f56bfc062723c751e8b465ee728b)
Start importing Assets/Assest store/QA_Books/Prefabs/Books_08.prefab using Guid(ec8b339dbc2febd4ca45f0051b5f431f) Importer(815301076,1909f56bfc062723c751e8b465ee728b)  -> (artifact id: '298671bde92ad7b0391114a16b98da2d') in 0.020311 seconds
Number of updated asset objects reloaded before import = 0
Number of asset objects unloaded after import = 12
========================================================================
Received Import Request.
  Time since last request: 57.103011 seconds.
  path: Assets/Assest store/QA_Books/Prefabs/BookS_11.prefab
  artifactKey: Guid(4c5237c927684e94a915dffb37834214) Importer(815301076,1909f56bfc062723c751e8b465ee728b)
Start importing Assets/Assest store/QA_Books/Prefabs/BookS_11.prefab using Guid(4c5237c927684e94a915dffb37834214) Importer(815301076,1909f56bfc062723c751e8b465ee728b)  -> (artifact id: 'ac2dca271dc5f6d294c66ea2a32ac304') in 0.026766 seconds
Number of updated asset objects reloaded before import = 0
Number of asset objects unloaded after import = 12
========================================================================
Received Import Request.
  Time since last request: 0.000017 seconds.
  path: Assets/Assest store/QA_Books/Prefabs/Books_30.prefab
  artifactKey: Guid(f19666d628662324191ece8d64784a6b) Importer(815301076,1909f56bfc062723c751e8b465ee728b)
Start importing Assets/Assest store/QA_Books/Prefabs/Books_30.prefab using Guid(f19666d628662324191ece8d64784a6b) Importer(815301076,1909f56bfc062723c751e8b465ee728b)  -> (artifact id: '88640d18619e40b116e60a9f20e5f300') in 0.040371 seconds
Number of updated asset objects reloaded before import = 0
Number of asset objects unloaded after import = 16
========================================================================
Received Import Request.
  Time since last request: 0.000018 seconds.
  path: Assets/Assest store/QA_Books/Prefabs/Books_17.prefab
  artifactKey: Guid(a2939e3aa23efb045b648ac4409c7ae6) Importer(815301076,1909f56bfc062723c751e8b465ee728b)
Start importing Assets/Assest store/QA_Books/Prefabs/Books_17.prefab using Guid(a2939e3aa23efb045b648ac4409c7ae6) Importer(815301076,1909f56bfc062723c751e8b465ee728b)  -> (artifact id: '92e3cd7392774e22fb6028d66dedf348') in 0.049406 seconds
Number of updated asset objects reloaded before import = 0
Number of asset objects unloaded after import = 12
========================================================================
Received Import Request.
  Time since last request: 0.000018 seconds.
  path: Assets/Assest store/QA_Books/Prefabs/Books_29.prefab
  artifactKey: Guid(784cd8e77087af3488f478770e91b684) Importer(815301076,1909f56bfc062723c751e8b465ee728b)
Start importing Assets/Assest store/QA_Books/Prefabs/Books_29.prefab using Guid(784cd8e77087af3488f478770e91b684) Importer(815301076,1909f56bfc062723c751e8b465ee728b)  -> (artifact id: '3c2f47e1d5c00348d85b1cf69f110fb6') in 0.041138 seconds
Number of updated asset objects reloaded before import = 0
Number of asset objects unloaded after import = 16
========================================================================
Received Import Request.
  Time since last request: 0.000017 seconds.
  path: Assets/Assest store/QA_Books/Prefabs/Books_26.prefab
  artifactKey: Guid(3ce8bec3c91d6a44381032dff91f9f04) Importer(815301076,1909f56bfc062723c751e8b465ee728b)
Start importing Assets/Assest store/QA_Books/Prefabs/Books_26.prefab using Guid(3ce8bec3c91d6a44381032dff91f9f04) Importer(815301076,1909f56bfc062723c751e8b465ee728b)  -> (artifact id: 'a5370f5aac6de4f28e551948e8949b69') in 0.041433 seconds
Number of updated asset objects reloaded before import = 0
Number of asset objects unloaded after import = 16
========================================================================
Received Import Request.
  Time since last request: 0.000016 seconds.
  path: Assets/Assest store/QA_Books/Prefabs/Books_33.prefab
  artifactKey: Guid(3d9fffef1180d41478a945cf0d8948e4) Importer(815301076,1909f56bfc062723c751e8b465ee728b)
Start importing Assets/Assest store/QA_Books/Prefabs/Books_33.prefab using Guid(3d9fffef1180d41478a945cf0d8948e4) Importer(815301076,1909f56bfc062723c751e8b465ee728b)  -> (artifact id: 'fad52c93c94a83824423d7fb5b2c3410') in 0.041468 seconds
Number of updated asset objects reloaded before import = 0
Number of asset objects unloaded after import = 16
========================================================================
Received Import Request.
  Time since last request: 73.920151 seconds.
  path: Assets/Samples/Ultraleap Tracking/6.15.0/All Examples
  artifactKey: Guid(e0fa35faf2e1ca1419ec7ef6206b1615) Importer(815301076,1909f56bfc062723c751e8b465ee728b)
Start importing Assets/Samples/Ultraleap Tracking/6.15.0/All Examples using Guid(e0fa35faf2e1ca1419ec7ef6206b1615) Importer(815301076,1909f56bfc062723c751e8b465ee728b)  -> (artifact id: 'b0d6c650f329921b33e9eeb22cd972c4') in 0.000724 seconds
Number of updated asset objects reloaded before import = 0
Number of asset objects unloaded after import = 0
========================================================================
Received Prepare
Begin MonoManager ReloadAssembly
- Loaded All Assemblies, in  0.327 seconds
Refreshing native plugins compatible for Editor in 3.47 ms, found 9 plugins.
Native extension for UWP target not found
Native extension for WindowsStandalone target not found
Native extension for Android target not found
Native extension for WebGL target not found
[Package Manager] Server::EnsureServerProcessIsRunning -- launch failed, reason: Unity was launched with the -noUpm command-line argument
[Package Manager] UpmClient::Send -- Unable to send message (not connected to UPM process).
[Package Manager] Cannot connect to Unity Package Manager local server
[Package Manager] Server::EnsureServerProcessIsRunning -- launch failed, reason: Unity was launched with the -noUpm command-line argument
[Package Manager] UpmClient::Send -- Unable to send message (not connected to UPM process).
[Package Manager] Cannot connect to Unity Package Manager local server
Mono: successfully reloaded assembly
[Package Manager] Server::EnsureServerProcessIsRunning -- launch failed, reason: Unity was launched with the -noUpm command-line argument
[Package Manager] UpmClient::Send -- Unable to send message (not connected to UPM process).
[Package Manager] Cannot connect to Unity Package Manager local server
- Finished resetting the current domain, in  0.569 seconds
Domain Reload Profiling: 894ms
	BeginReloadAssembly (106ms)
		ExecutionOrderSort (0ms)
		DisableScriptedObjects (3ms)
		BackupInstance (0ms)
		ReleaseScriptingObjects (0ms)
		CreateAndSetChildDomain (26ms)
	RebuildCommonClasses (18ms)
	RebuildNativeTypeToScriptingClass (6ms)
	initialDomainReloadingComplete (21ms)
	LoadAllAssembliesAndSetupDomain (174ms)
		LoadAssemblies (204ms)
		RebuildTransferFunctionScriptingTraits (0ms)
		AnalyzeDomain (23ms)
			TypeCache.Refresh (7ms)
				TypeCache.ScanAssembly (0ms)
			ScanForSourceGeneratedMonoScriptInfo (9ms)
			ResolveRequiredComponents (5ms)
	FinalizeReload (569ms)
		ReleaseScriptCaches (0ms)
		RebuildScriptCaches (0ms)
		SetupLoadedEditorAssemblies (274ms)
			LogAssemblyErrors (0ms)
			InitializePlatformSupportModulesInManaged (15ms)
			SetLoadedEditorAssemblies (2ms)
			RefreshPlugins (0ms)
			BeforeProcessingInitializeOnLoad (46ms)
			ProcessInitializeOnLoadAttributes (194ms)
			ProcessInitializeOnLoadMethodAttributes (14ms)
			AfterProcessingInitializeOnLoad (4ms)
			EditorAssembliesLoaded (0ms)
		ExecutionOrderSort2 (0ms)
		AwakeInstancesAfterBackupRestoration (4ms)
Refreshing native plugins compatible for Editor in 3.35 ms, found 9 plugins.
Preloading 0 native plugins for Editor in 0.00 ms.
Unloading 4540 Unused Serialized files (Serialized files now loaded: 0)
Unloading 41 unused Assets / (1.4 MB). Loaded Objects now: 5025.
Memory consumption went from 164.9 MB to 163.5 MB.
Total: 4.115000 ms (FindLiveObjects: 0.330700 ms CreateObjectMapping: 0.199500 ms MarkObjects: 2.880200 ms  DeleteObjects: 0.702600 ms)

Prepare: number of updated asset objects reloaded= 0
AssetImportParameters requested are different than current active one (requested -> active):
  custom:container-demuxer-ogg: 62fdf1f143b41e24485cea50d1cbac27 -> 
  custom:video-codec-MediaFoundation-h265: 746d11721c4dcdbdad8f713fa42b33f4 -> 
  custom:video-decoder-ogg-theora: a1e56fd34408186e4bbccfd4996cb3dc -> 
  custom:framework-win-MediaFoundation: 216162199b28c13a410421893ffa2e32 -> 
  custom:CustomObjectIndexerAttribute: 756ad292c208cfabdd7b50bc23989ffe -> 
  custom:container-demuxer-webm: 4f35f7cbe854078d1ac9338744f61a02 -> 
  custom:container-muxer-webm: aa71ff27fc2769a1b78a27578f13a17b -> 
  custom:video-decoder-webm-vp8: 9c59270c3fd7afecdb556c50c9e8de78 -> 
  custom:SearchIndexIgnoredProperties: e643bd26f0fe6173181afceb89e7c659 -> 
  custom:AudioImporter_EditorPlatform: d09bf68614088b80899f8185d706f6e7 -> 
  custom:video-encoder-webm-vp8: eb34c28f22e8b96e1ab97ce403110664 -> 
  custom:audio-decoder-ogg-vorbis: bf7c407c2cedff20999df2af8eb42d56 -> 
  custom:audio-encoder-webm-vorbis: bf7c407c2cedff20999df2af8eb42d56 -> 
========================================================================
Received Prepare
Begin MonoManager ReloadAssembly
- Loaded All Assemblies, in  0.304 seconds
Refreshing native plugins compatible for Editor in 3.31 ms, found 9 plugins.
Native extension for UWP target not found
Native extension for WindowsStandalone target not found
Native extension for Android target not found
Native extension for WebGL target not found
[Package Manager] Server::EnsureServerProcessIsRunning -- launch failed, reason: Unity was launched with the -noUpm command-line argument
[Package Manager] UpmClient::Send -- Unable to send message (not connected to UPM process).
[Package Manager] Cannot connect to Unity Package Manager local server
[Package Manager] Server::EnsureServerProcessIsRunning -- launch failed, reason: Unity was launched with the -noUpm command-line argument
[Package Manager] UpmClient::Send -- Unable to send message (not connected to UPM process).
[Package Manager] Cannot connect to Unity Package Manager local server
Mono: successfully reloaded assembly
[Package Manager] Server::EnsureServerProcessIsRunning -- launch failed, reason: Unity was launched with the -noUpm command-line argument
[Package Manager] UpmClient::Send -- Unable to send message (not connected to UPM process).
[Package Manager] Cannot connect to Unity Package Manager local server
- Finished resetting the current domain, in  0.574 seconds
Domain Reload Profiling: 876ms
	BeginReloadAssembly (99ms)
		ExecutionOrderSort (0ms)
		DisableScriptedObjects (2ms)
		BackupInstance (0ms)
		ReleaseScriptingObjects (0ms)
		CreateAndSetChildDomain (22ms)
	RebuildCommonClasses (20ms)
	RebuildNativeTypeToScriptingClass (7ms)
	initialDomainReloadingComplete (17ms)
	LoadAllAssembliesAndSetupDomain (160ms)
		LoadAssemblies (188ms)
		RebuildTransferFunctionScriptingTraits (0ms)
		AnalyzeDomain (22ms)
			TypeCache.Refresh (8ms)
				TypeCache.ScanAssembly (1ms)
			ScanForSourceGeneratedMonoScriptInfo (9ms)
			ResolveRequiredComponents (5ms)
	FinalizeReload (574ms)
		ReleaseScriptCaches (0ms)
		RebuildScriptCaches (0ms)
		SetupLoadedEditorAssemblies (292ms)
			LogAssemblyErrors (0ms)
			InitializePlatformSupportModulesInManaged (17ms)
			SetLoadedEditorAssemblies (3ms)
			RefreshPlugins (0ms)
			BeforeProcessingInitializeOnLoad (47ms)
			ProcessInitializeOnLoadAttributes (192ms)
			ProcessInitializeOnLoadMethodAttributes (18ms)
			AfterProcessingInitializeOnLoad (16ms)
			EditorAssembliesLoaded (0ms)
		ExecutionOrderSort2 (0ms)
		AwakeInstancesAfterBackupRestoration (5ms)
Refreshing native plugins compatible for Editor in 3.41 ms, found 9 plugins.
Preloading 0 native plugins for Editor in 0.00 ms.
Unloading 4597 Unused Serialized files (Serialized files now loaded: 0)
Unloading 45 unused Assets / (1.5 MB). Loaded Objects now: 5081.
Memory consumption went from 169.3 MB to 167.8 MB.
Total: 2.814300 ms (FindLiveObjects: 0.341500 ms CreateObjectMapping: 0.103000 ms MarkObjects: 1.911600 ms  DeleteObjects: 0.457100 ms)

Prepare: number of updated asset objects reloaded= 0
AssetImportParameters requested are different than current active one (requested -> active):
  custom:container-demuxer-ogg: 62fdf1f143b41e24485cea50d1cbac27 -> 
  custom:video-codec-MediaFoundation-h265: 746d11721c4dcdbdad8f713fa42b33f4 -> 
  custom:video-decoder-ogg-theora: a1e56fd34408186e4bbccfd4996cb3dc -> 
  custom:framework-win-MediaFoundation: 216162199b28c13a410421893ffa2e32 -> 
  custom:CustomObjectIndexerAttribute: 756ad292c208cfabdd7b50bc23989ffe -> 
  custom:container-demuxer-webm: 4f35f7cbe854078d1ac9338744f61a02 -> 
  custom:container-muxer-webm: aa71ff27fc2769a1b78a27578f13a17b -> 
  custom:video-decoder-webm-vp8: 9c59270c3fd7afecdb556c50c9e8de78 -> 
  custom:SearchIndexIgnoredProperties: e643bd26f0fe6173181afceb89e7c659 -> 
  custom:AudioImporter_EditorPlatform: d09bf68614088b80899f8185d706f6e7 -> 
  custom:video-encoder-webm-vp8: eb34c28f22e8b96e1ab97ce403110664 -> 
  custom:audio-decoder-ogg-vorbis: bf7c407c2cedff20999df2af8eb42d56 -> 
  custom:audio-encoder-webm-vorbis: bf7c407c2cedff20999df2af8eb42d56 -> 
========================================================================
Received Prepare
Assembly with name 'Ultraleap.Tracking.PhysicalHandsExamples' already exists (Assets/Samples/Ultraleap Tracking/6.15.0/XR Examples/Example Assets/Physical Hands/Scripts/Ultraleap.Tracking.PhysicalHandsExamples.asmdef)
Assembly with name 'Ultraleap.Tracking.PhysicalHandsExamples' already exists (Assets/Assest store/Samples/Ultraleap Tracking/6.15.0/XR Examples/Example Assets/Physical Hands/Scripts/Ultraleap.Tracking.PhysicalHandsExamples.asmdef)
Assembly with name 'Ultraleap.Tracking.PhysicalHandsExamples' already exists (Assets/Samples/Ultraleap Tracking/6.15.0/XR Examples/Example Assets/Physical Hands/Scripts/Ultraleap.Tracking.PhysicalHandsExamples.asmdef)
Assembly with name 'Ultraleap.Tracking.PhysicalHandsExamples' already exists (Assets/Assest store/Samples/Ultraleap Tracking/6.15.0/XR Examples/Example Assets/Physical Hands/Scripts/Ultraleap.Tracking.PhysicalHandsExamples.asmdef)
Begin MonoManager ReloadAssembly
- Loaded All Assemblies, in  0.320 seconds
Refreshing native plugins compatible for Editor in 3.64 ms, found 9 plugins.
Native extension for UWP target not found
Native extension for WindowsStandalone target not found
Native extension for Android target not found
Native extension for WebGL target not found
Assembly with name 'Ultraleap.Tracking.PhysicalHandsExamples' already exists (Assets/Samples/Ultraleap Tracking/6.15.0/XR Examples/Example Assets/Physical Hands/Scripts/Ultraleap.Tracking.PhysicalHandsExamples.asmdef)
Assembly with name 'Ultraleap.Tracking.PhysicalHandsExamples' already exists (Assets/Assest store/Samples/Ultraleap Tracking/6.15.0/XR Examples/Example Assets/Physical Hands/Scripts/Ultraleap.Tracking.PhysicalHandsExamples.asmdef)
[Package Manager] Server::EnsureServerProcessIsRunning -- launch failed, reason: Unity was launched with the -noUpm command-line argument
[Package Manager] UpmClient::Send -- Unable to send message (not connected to UPM process).
[Package Manager] Cannot connect to Unity Package Manager local server
[Package Manager] Server::EnsureServerProcessIsRunning -- launch failed, reason: Unity was launched with the -noUpm command-line argument
[Package Manager] UpmClient::Send -- Unable to send message (not connected to UPM process).
[Package Manager] Cannot connect to Unity Package Manager local server
Mono: successfully reloaded assembly
[Package Manager] Server::EnsureServerProcessIsRunning -- launch failed, reason: Unity was launched with the -noUpm command-line argument
[Package Manager] UpmClient::Send -- Unable to send message (not connected to UPM process).
[Package Manager] Cannot connect to Unity Package Manager local server
- Finished resetting the current domain, in  0.624 seconds
Domain Reload Profiling: 940ms
	BeginReloadAssembly (100ms)
		ExecutionOrderSort (0ms)
		DisableScriptedObjects (3ms)
		BackupInstance (0ms)
		ReleaseScriptingObjects (0ms)
		CreateAndSetChildDomain (23ms)
	RebuildCommonClasses (19ms)
	RebuildNativeTypeToScriptingClass (7ms)
	initialDomainReloadingComplete (19ms)
	LoadAllAssembliesAndSetupDomain (172ms)
		LoadAssemblies (195ms)
		RebuildTransferFunctionScriptingTraits (0ms)
		AnalyzeDomain (26ms)
			TypeCache.Refresh (9ms)
				TypeCache.ScanAssembly (1ms)
			ScanForSourceGeneratedMonoScriptInfo (10ms)
			ResolveRequiredComponents (6ms)
	FinalizeReload (624ms)
		ReleaseScriptCaches (0ms)
		RebuildScriptCaches (0ms)
		SetupLoadedEditorAssemblies (308ms)
			LogAssemblyErrors (0ms)
			InitializePlatformSupportModulesInManaged (16ms)
			SetLoadedEditorAssemblies (3ms)
			RefreshPlugins (0ms)
			BeforeProcessingInitializeOnLoad (70ms)
			ProcessInitializeOnLoadAttributes (201ms)
			ProcessInitializeOnLoadMethodAttributes (13ms)
			AfterProcessingInitializeOnLoad (4ms)
			EditorAssembliesLoaded (0ms)
		ExecutionOrderSort2 (0ms)
		AwakeInstancesAfterBackupRestoration (3ms)
Script is not up to date after domain reload: guid(6ccd99aece6d3f847bbf355917ff9096) path("Assets/Samples/Ultraleap Tracking/6.15.0/Shared Example Assets REQUIRED/Scripts/CycleHandPairs.cs") state(2)
Script is not up to date after domain reload: guid(14f239f33cac4fd4d85b35a7bf5ae81e) path("Assets/Samples/Ultraleap Tracking/6.15.0/Shared Example Assets REQUIRED/Scripts/EditorURL.cs") state(2)
Refreshing native plugins compatible for Editor in 3.50 ms, found 9 plugins.
Preloading 0 native plugins for Editor in 0.00 ms.
Unloading 4597 Unused Serialized files (Serialized files now loaded: 0)
Unloading 45 unused Assets / (1.5 MB). Loaded Objects now: 5085.
Memory consumption went from 171.4 MB to 170.0 MB.
Total: 2.441900 ms (FindLiveObjects: 0.167500 ms CreateObjectMapping: 0.059900 ms MarkObjects: 1.687000 ms  DeleteObjects: 0.526600 ms)

Prepare: number of updated asset objects reloaded= 0
AssetImportParameters requested are different than current active one (requested -> active):
  custom:container-demuxer-ogg: 62fdf1f143b41e24485cea50d1cbac27 -> 
  custom:video-codec-MediaFoundation-h265: 746d11721c4dcdbdad8f713fa42b33f4 -> 
  custom:video-decoder-ogg-theora: a1e56fd34408186e4bbccfd4996cb3dc -> 
  custom:framework-win-MediaFoundation: 216162199b28c13a410421893ffa2e32 -> 
  custom:CustomObjectIndexerAttribute: 756ad292c208cfabdd7b50bc23989ffe -> 
  custom:container-demuxer-webm: 4f35f7cbe854078d1ac9338744f61a02 -> 
  custom:container-muxer-webm: aa71ff27fc2769a1b78a27578f13a17b -> 
  custom:video-decoder-webm-vp8: 9c59270c3fd7afecdb556c50c9e8de78 -> 
  custom:SearchIndexIgnoredProperties: e643bd26f0fe6173181afceb89e7c659 -> 
  custom:AudioImporter_EditorPlatform: d09bf68614088b80899f8185d706f6e7 -> 
  custom:video-encoder-webm-vp8: eb34c28f22e8b96e1ab97ce403110664 -> 
  custom:audio-decoder-ogg-vorbis: bf7c407c2cedff20999df2af8eb42d56 -> 
  custom:audio-encoder-webm-vorbis: bf7c407c2cedff20999df2af8eb42d56 -> 
